[2023-10-22T04:39:21.994+0000] {logging_mixin.py:151} INFO - Changing /opt/***/logs/dag_id=nhl_stats_save/run_id=manual__2023-10-22T04:39:19.780299+00:00/task_id=save_nhl_stats permission to 509
[2023-10-22T04:39:22.016+0000] {logging_mixin.py:151} INFO - Changing /opt/***/logs/dag_id=nhl_stats_save/run_id=manual__2023-10-22T04:39:19.780299+00:00/task_id=save_nhl_stats permission to 509
[2023-10-22T04:39:22.040+0000] {taskinstance.py:1159} INFO - Dependencies all met for dep_context=non-requeueable deps ti=<TaskInstance: nhl_stats_save.save_nhl_stats manual__2023-10-22T04:39:19.780299+00:00 [queued]>
[2023-10-22T04:39:22.046+0000] {taskinstance.py:1159} INFO - Dependencies all met for dep_context=requeueable deps ti=<TaskInstance: nhl_stats_save.save_nhl_stats manual__2023-10-22T04:39:19.780299+00:00 [queued]>
[2023-10-22T04:39:22.047+0000] {taskinstance.py:1361} INFO - Starting attempt 1 of 1
[2023-10-22T04:39:22.056+0000] {taskinstance.py:1382} INFO - Executing <Task(NhlStatsSaveOperator): save_nhl_stats> on 2023-10-22 04:39:19.780299+00:00
[2023-10-22T04:39:22.063+0000] {standard_task_runner.py:57} INFO - Started process 8082 to run task
[2023-10-22T04:39:22.065+0000] {standard_task_runner.py:84} INFO - Running: ['***', 'tasks', 'run', 'nhl_stats_save', 'save_nhl_stats', 'manual__2023-10-22T04:39:19.780299+00:00', '--job-id', '6', '--raw', '--subdir', 'DAGS_FOLDER/nhl_stats_save.py', '--cfg-path', '/tmp/tmplvv16p1u']
[2023-10-22T04:39:22.065+0000] {standard_task_runner.py:85} INFO - Job 6: Subtask save_nhl_stats
[2023-10-22T04:39:22.075+0000] {warnings.py:109} WARNING - /home/***/.local/lib/python3.10/site-packages/***/settings.py:193: DeprecationWarning: The sql_alchemy_conn option in [core] has been moved to the sql_alchemy_conn option in [database] - the old setting has been used, but please update your config.
  SQL_ALCHEMY_CONN = conf.get("database", "SQL_ALCHEMY_CONN")

[2023-10-22T04:39:22.098+0000] {logging_mixin.py:151} INFO - Changing /opt/***/logs/dag_id=nhl_stats_save/run_id=manual__2023-10-22T04:39:19.780299+00:00/task_id=save_nhl_stats permission to 509
[2023-10-22T04:39:22.101+0000] {task_command.py:416} INFO - Running <TaskInstance: nhl_stats_save.save_nhl_stats manual__2023-10-22T04:39:19.780299+00:00 [running]> on host 9b9e466d03cf
[2023-10-22T04:39:22.160+0000] {taskinstance.py:1662} INFO - Exporting env vars: AIRFLOW_CTX_DAG_OWNER='babintseva' AIRFLOW_CTX_DAG_ID='nhl_stats_save' AIRFLOW_CTX_TASK_ID='save_nhl_stats' AIRFLOW_CTX_EXECUTION_DATE='2023-10-22T04:39:19.780299+00:00' AIRFLOW_CTX_TRY_NUMBER='1' AIRFLOW_CTX_DAG_RUN_ID='manual__2023-10-22T04:39:19.780299+00:00'
[2023-10-22T04:39:22.652+0000] {logging_mixin.py:151} INFO - {'team_uid': '2b567953-4a66-4d46-a9e9-d401767f5def', 'uid': '2f31f853-995e-434a-abb5-986ad7482318'}
[2023-10-22T04:39:22.652+0000] {logging_mixin.py:151} INFO - {'displayName': 'statsSingleSeason', 'gameType': {'id': 'R', 'description': 'Regular season', 'postseason': False}}
[2023-10-22T04:39:22.653+0000] {logging_mixin.py:151} INFO - {'team_uid': '2b567953-4a66-4d46-a9e9-d401767f5def', 'uid': '5042a1d3-3bf3-4886-aa56-de5993f3222d'}
[2023-10-22T04:39:22.653+0000] {logging_mixin.py:151} INFO - {'displayName': 'regularSeasonStatRankings', 'gameType': None}
[2023-10-22T04:39:22.654+0000] {logging_mixin.py:151} INFO - Вставка team:[{'uid': '2b567953-4a66-4d46-a9e9-d401767f5def', 'id': 21}]
[2023-10-22T04:39:22.654+0000] {logging_mixin.py:151} INFO - Вставка stats:[{'team_uid': '2b567953-4a66-4d46-a9e9-d401767f5def', 'uid': '2f31f853-995e-434a-abb5-986ad7482318', 'displayName': 'statsSingleSeason', 'gameType': {'id': 'R', 'description': 'Regular season', 'postseason': False}}, {'team_uid': '2b567953-4a66-4d46-a9e9-d401767f5def', 'uid': '5042a1d3-3bf3-4886-aa56-de5993f3222d', 'displayName': 'regularSeasonStatRankings', 'gameType': None}]
[2023-10-22T04:39:22.655+0000] {logging_mixin.py:151} INFO - Вставка splits:[{'stat_uid': '2f31f853-995e-434a-abb5-986ad7482318', 'uid': '62414956-2d2f-4bcc-ae5d-71f13ca11460', 'gamesPlayed': 5, 'wins': 5, 'losses': 0, 'ot': 0, 'pts': 10, 'ptPctg': '100.0', 'goalsPerGame': 4.0, 'goalsAgainstPerGame': 1.6, 'evGGARatio': 1.2857, 'powerPlayPercentage': '27.8', 'powerPlayGoals': 5.0, 'powerPlayGoalsAgainst': 1.0, 'powerPlayOpportunities': 18.0, 'penaltyKillPercentage': '95.5', 'shotsPerGame': 37.2, 'shotsAllowed': 28.0, 'winScoreFirst': 1.0, 'winOppScoreFirst': 1.0, 'winLeadFirstPer': 1.0, 'winLeadSecondPer': 1.0, 'winOutshootOpp': 1.0, 'winOutshotByOpp': 1.0, 'faceOffsTaken': 305.0, 'faceOffsWon': 144.0, 'faceOffsLost': 161.0, 'faceOffWinPercentage': '47.2', 'shootingPctg': 10.8, 'savePctg': 0.943}, {'stat_uid': '5042a1d3-3bf3-4886-aa56-de5993f3222d', 'uid': '6f0cb6ae-07bd-4b7a-84b9-4faff1035e1c', 'wins': '2nd', 'losses': '2nd', 'ot': '15th', 'pts': '2nd', 'ptPctg': '2nd', 'goalsPerGame': '6th', 'goalsAgainstPerGame': '2nd', 'evGGARatio': '14th', 'powerPlayPercentage': '9th', 'powerPlayGoals': '9th', 'powerPlayGoalsAgainst': '3rd', 'powerPlayOpportunities': '11th', 'penaltyKillOpportunities': '28th', 'penaltyKillPercentage': '3rd', 'shotsPerGame': '2nd', 'shotsAllowed': '7th', 'winScoreFirst': '6th', 'winOppScoreFirst': '2nd', 'winLeadFirstPer': '8th', 'winLeadSecondPer': '3rd', 'winOutshootOpp': '5th', 'winOutshotByOpp': '5th', 'faceOffsTaken': '10th', 'faceOffsWon': '13th', 'faceOffsLost': '28th', 'faceOffWinPercentage': '24th', 'savePctRank': '2nd', 'shootingPctRank': '11th'}]
[2023-10-22T04:39:22.655+0000] {logging_mixin.py:151} INFO - postgresql+psycopg2://db_homework:db_homework@192.168.1.113:5434/db_homework
[2023-10-22T04:39:22.735+0000] {logging_mixin.py:151} INFO - <class 'dataset.table.Table'>
[2023-10-22T04:39:22.778+0000] {taskinstance.py:1400} INFO - Marking task as SUCCESS. dag_id=nhl_stats_save, task_id=save_nhl_stats, execution_date=20231022T043919, start_date=20231022T043922, end_date=20231022T043922
[2023-10-22T04:39:22.799+0000] {local_task_job_runner.py:228} INFO - Task exited with return code 0
[2023-10-22T04:39:22.813+0000] {taskinstance.py:2778} INFO - 0 downstream tasks scheduled from follow-on schedule check
