[2023-10-22T04:16:13.045+0000] {logging_mixin.py:151} INFO - Changing /opt/***/logs/dag_id=random_cannabis_save/run_id=scheduled__2023-10-21T12:00:00+00:00/task_id=get_random_cannabis permission to 509
[2023-10-22T04:16:13.079+0000] {logging_mixin.py:151} INFO - Changing /opt/***/logs/dag_id=random_cannabis_save/run_id=scheduled__2023-10-21T12:00:00+00:00/task_id=get_random_cannabis permission to 509
[2023-10-22T04:16:13.112+0000] {taskinstance.py:1159} INFO - Dependencies all met for dep_context=non-requeueable deps ti=<TaskInstance: random_cannabis_save.get_random_cannabis scheduled__2023-10-21T12:00:00+00:00 [queued]>
[2023-10-22T04:16:13.122+0000] {taskinstance.py:1159} INFO - Dependencies all met for dep_context=requeueable deps ti=<TaskInstance: random_cannabis_save.get_random_cannabis scheduled__2023-10-21T12:00:00+00:00 [queued]>
[2023-10-22T04:16:13.122+0000] {taskinstance.py:1361} INFO - Starting attempt 1 of 1
[2023-10-22T04:16:13.144+0000] {taskinstance.py:1382} INFO - Executing <Task(RandomCannabisOperator): get_random_cannabis> on 2023-10-21 12:00:00+00:00
[2023-10-22T04:16:13.151+0000] {standard_task_runner.py:57} INFO - Started process 7245 to run task
[2023-10-22T04:16:13.154+0000] {standard_task_runner.py:84} INFO - Running: ['***', 'tasks', 'run', 'random_cannabis_save', 'get_random_cannabis', 'scheduled__2023-10-21T12:00:00+00:00', '--job-id', '2', '--raw', '--subdir', 'DAGS_FOLDER/random_cannabis_save.py', '--cfg-path', '/tmp/tmpmcsq7s4m']
[2023-10-22T04:16:13.155+0000] {standard_task_runner.py:85} INFO - Job 2: Subtask get_random_cannabis
[2023-10-22T04:16:13.171+0000] {warnings.py:109} WARNING - /home/***/.local/lib/python3.10/site-packages/***/settings.py:193: DeprecationWarning: The sql_alchemy_conn option in [core] has been moved to the sql_alchemy_conn option in [database] - the old setting has been used, but please update your config.
  SQL_ALCHEMY_CONN = conf.get("database", "SQL_ALCHEMY_CONN")

[2023-10-22T04:16:13.202+0000] {logging_mixin.py:151} INFO - Changing /opt/***/logs/dag_id=random_cannabis_save/run_id=scheduled__2023-10-21T12:00:00+00:00/task_id=get_random_cannabis permission to 509
[2023-10-22T04:16:13.205+0000] {task_command.py:416} INFO - Running <TaskInstance: random_cannabis_save.get_random_cannabis scheduled__2023-10-21T12:00:00+00:00 [running]> on host 9b9e466d03cf
[2023-10-22T04:16:13.286+0000] {taskinstance.py:1662} INFO - Exporting env vars: AIRFLOW_CTX_DAG_OWNER='babintseva' AIRFLOW_CTX_DAG_ID='random_cannabis_save' AIRFLOW_CTX_TASK_ID='get_random_cannabis' AIRFLOW_CTX_EXECUTION_DATE='2023-10-21T12:00:00+00:00' AIRFLOW_CTX_TRY_NUMBER='1' AIRFLOW_CTX_DAG_RUN_ID='scheduled__2023-10-21T12:00:00+00:00'
[2023-10-22T04:16:14.379+0000] {taskinstance.py:1400} INFO - Marking task as SUCCESS. dag_id=random_cannabis_save, task_id=get_random_cannabis, execution_date=20231021T120000, start_date=20231022T041613, end_date=20231022T041614
[2023-10-22T04:16:14.410+0000] {local_task_job_runner.py:228} INFO - Task exited with return code 0
[2023-10-22T04:16:14.428+0000] {taskinstance.py:2778} INFO - 0 downstream tasks scheduled from follow-on schedule check
[2023-10-22T05:29:44.107+0000] {logging_mixin.py:151} INFO - Changing /opt/***/logs/dag_id=random_cannabis_save/run_id=scheduled__2023-10-21T12:00:00+00:00/task_id=get_random_cannabis permission to 509
[2023-10-22T05:29:44.134+0000] {logging_mixin.py:151} INFO - Changing /opt/***/logs/dag_id=random_cannabis_save/run_id=scheduled__2023-10-21T12:00:00+00:00/task_id=get_random_cannabis permission to 509
[2023-10-22T05:29:44.157+0000] {taskinstance.py:1159} INFO - Dependencies all met for dep_context=non-requeueable deps ti=<TaskInstance: random_cannabis_save.get_random_cannabis scheduled__2023-10-21T12:00:00+00:00 [queued]>
[2023-10-22T05:29:44.163+0000] {taskinstance.py:1159} INFO - Dependencies all met for dep_context=requeueable deps ti=<TaskInstance: random_cannabis_save.get_random_cannabis scheduled__2023-10-21T12:00:00+00:00 [queued]>
[2023-10-22T05:29:44.164+0000] {taskinstance.py:1361} INFO - Starting attempt 1 of 1
[2023-10-22T05:29:44.175+0000] {taskinstance.py:1382} INFO - Executing <Task(RandomCannabisOperator): get_random_cannabis> on 2023-10-21 12:00:00+00:00
[2023-10-22T05:29:44.183+0000] {standard_task_runner.py:57} INFO - Started process 170 to run task
[2023-10-22T05:29:44.187+0000] {standard_task_runner.py:84} INFO - Running: ['***', 'tasks', 'run', 'random_cannabis_save', 'get_random_cannabis', 'scheduled__2023-10-21T12:00:00+00:00', '--job-id', '2', '--raw', '--subdir', 'DAGS_FOLDER/random_cannabis_save.py', '--cfg-path', '/tmp/tmp39cozikg']
[2023-10-22T05:29:44.188+0000] {standard_task_runner.py:85} INFO - Job 2: Subtask get_random_cannabis
[2023-10-22T05:29:44.199+0000] {warnings.py:109} WARNING - /home/***/.local/lib/python3.10/site-packages/***/settings.py:193: DeprecationWarning: The sql_alchemy_conn option in [core] has been moved to the sql_alchemy_conn option in [database] - the old setting has been used, but please update your config.
  SQL_ALCHEMY_CONN = conf.get("database", "SQL_ALCHEMY_CONN")

[2023-10-22T05:29:44.230+0000] {logging_mixin.py:151} INFO - Changing /opt/***/logs/dag_id=random_cannabis_save/run_id=scheduled__2023-10-21T12:00:00+00:00/task_id=get_random_cannabis permission to 509
[2023-10-22T05:29:44.233+0000] {task_command.py:416} INFO - Running <TaskInstance: random_cannabis_save.get_random_cannabis scheduled__2023-10-21T12:00:00+00:00 [running]> on host 06f8d34233ae
[2023-10-22T05:29:44.293+0000] {taskinstance.py:1662} INFO - Exporting env vars: AIRFLOW_CTX_DAG_OWNER='babintseva' AIRFLOW_CTX_DAG_ID='random_cannabis_save' AIRFLOW_CTX_TASK_ID='get_random_cannabis' AIRFLOW_CTX_EXECUTION_DATE='2023-10-21T12:00:00+00:00' AIRFLOW_CTX_TRY_NUMBER='1' AIRFLOW_CTX_DAG_RUN_ID='scheduled__2023-10-21T12:00:00+00:00'
[2023-10-22T05:29:45.183+0000] {taskinstance.py:1400} INFO - Marking task as SUCCESS. dag_id=random_cannabis_save, task_id=get_random_cannabis, execution_date=20231021T120000, start_date=20231022T052944, end_date=20231022T052945
[2023-10-22T05:29:45.242+0000] {local_task_job_runner.py:228} INFO - Task exited with return code 0
[2023-10-22T05:29:45.319+0000] {taskinstance.py:2778} INFO - 0 downstream tasks scheduled from follow-on schedule check
