[2023-10-20T13:42:48.541+0000] {logging_mixin.py:151} INFO - Changing /opt/***/logs/dag_id=nhl_stats_save/run_id=manual__2023-10-20T13:42:44.758203+00:00/task_id=save_nhl_stats permission to 509
[2023-10-20T13:42:48.575+0000] {logging_mixin.py:151} INFO - Changing /opt/***/logs/dag_id=nhl_stats_save/run_id=manual__2023-10-20T13:42:44.758203+00:00/task_id=save_nhl_stats permission to 509
[2023-10-20T13:42:48.608+0000] {taskinstance.py:1159} INFO - Dependencies all met for dep_context=non-requeueable deps ti=<TaskInstance: nhl_stats_save.save_nhl_stats manual__2023-10-20T13:42:44.758203+00:00 [queued]>
[2023-10-20T13:42:48.618+0000] {taskinstance.py:1159} INFO - Dependencies all met for dep_context=requeueable deps ti=<TaskInstance: nhl_stats_save.save_nhl_stats manual__2023-10-20T13:42:44.758203+00:00 [queued]>
[2023-10-20T13:42:48.619+0000] {taskinstance.py:1361} INFO - Starting attempt 1 of 1
[2023-10-20T13:42:48.632+0000] {taskinstance.py:1382} INFO - Executing <Task(NhlStatsSaveOperator): save_nhl_stats> on 2023-10-20 13:42:44.758203+00:00
[2023-10-20T13:42:48.639+0000] {standard_task_runner.py:57} INFO - Started process 384 to run task
[2023-10-20T13:42:48.641+0000] {standard_task_runner.py:84} INFO - Running: ['***', 'tasks', 'run', 'nhl_stats_save', 'save_nhl_stats', 'manual__2023-10-20T13:42:44.758203+00:00', '--job-id', '23', '--raw', '--subdir', 'DAGS_FOLDER/nhl_stats_save.py', '--cfg-path', '/tmp/tmp8hdnjaai']
[2023-10-20T13:42:48.642+0000] {standard_task_runner.py:85} INFO - Job 23: Subtask save_nhl_stats
[2023-10-20T13:42:48.656+0000] {warnings.py:109} WARNING - /home/***/.local/lib/python3.10/site-packages/***/settings.py:193: DeprecationWarning: The sql_alchemy_conn option in [core] has been moved to the sql_alchemy_conn option in [database] - the old setting has been used, but please update your config.
  SQL_ALCHEMY_CONN = conf.get("database", "SQL_ALCHEMY_CONN")

[2023-10-20T13:42:48.681+0000] {logging_mixin.py:151} INFO - Changing /opt/***/logs/dag_id=nhl_stats_save/run_id=manual__2023-10-20T13:42:44.758203+00:00/task_id=save_nhl_stats permission to 509
[2023-10-20T13:42:48.684+0000] {task_command.py:416} INFO - Running <TaskInstance: nhl_stats_save.save_nhl_stats manual__2023-10-20T13:42:44.758203+00:00 [running]> on host 275f8ea92d2e
[2023-10-20T13:42:48.743+0000] {taskinstance.py:1662} INFO - Exporting env vars: AIRFLOW_CTX_DAG_OWNER='babintseva' AIRFLOW_CTX_DAG_ID='nhl_stats_save' AIRFLOW_CTX_TASK_ID='save_nhl_stats' AIRFLOW_CTX_EXECUTION_DATE='2023-10-20T13:42:44.758203+00:00' AIRFLOW_CTX_TRY_NUMBER='1' AIRFLOW_CTX_DAG_RUN_ID='manual__2023-10-20T13:42:44.758203+00:00'
[2023-10-20T13:42:49.352+0000] {logging_mixin.py:151} INFO - {'team_uid': UUID('a0c7956e-bf17-40a1-8aed-701fe4b06d1e'), 'uid': UUID('d0ececbc-005b-4c1a-ac0e-6ef792edd706'), 'load_date': datetime.datetime(2023, 10, 20, 13, 42, 49, 352310)}
[2023-10-20T13:42:49.353+0000] {logging_mixin.py:151} INFO - {'displayName': 'statsSingleSeason', 'gameType': {'id': 'R', 'description': 'Regular season', 'postseason': False}}
[2023-10-20T13:42:49.353+0000] {logging_mixin.py:151} INFO - {'team_uid': UUID('a0c7956e-bf17-40a1-8aed-701fe4b06d1e'), 'uid': UUID('828a9bfa-ac3e-4cc3-9b0b-7290b11b9f20'), 'load_date': datetime.datetime(2023, 10, 20, 13, 42, 49, 352310)}
[2023-10-20T13:42:49.354+0000] {logging_mixin.py:151} INFO - {'displayName': 'regularSeasonStatRankings', 'gameType': None}
[2023-10-20T13:42:49.354+0000] {logging_mixin.py:151} INFO - Вставка team:[{'uid': UUID('a0c7956e-bf17-40a1-8aed-701fe4b06d1e'), 'id': 21, 'load_date': datetime.datetime(2023, 10, 20, 13, 42, 49, 352310)}]
[2023-10-20T13:42:49.355+0000] {logging_mixin.py:151} INFO - Вставка stats:[{'team_uid': UUID('a0c7956e-bf17-40a1-8aed-701fe4b06d1e'), 'uid': UUID('d0ececbc-005b-4c1a-ac0e-6ef792edd706'), 'load_date': datetime.datetime(2023, 10, 20, 13, 42, 49, 352310), 'displayName': 'statsSingleSeason', 'gameType': {'id': 'R', 'description': 'Regular season', 'postseason': False}}, {'team_uid': UUID('a0c7956e-bf17-40a1-8aed-701fe4b06d1e'), 'uid': UUID('828a9bfa-ac3e-4cc3-9b0b-7290b11b9f20'), 'load_date': datetime.datetime(2023, 10, 20, 13, 42, 49, 352310), 'displayName': 'regularSeasonStatRankings', 'gameType': None}]
[2023-10-20T13:42:49.355+0000] {logging_mixin.py:151} INFO - Вставка splits:[{'stat_uid': UUID('d0ececbc-005b-4c1a-ac0e-6ef792edd706'), 'uid': UUID('35186632-5d5c-43a5-b41f-f96be6818f12'), 'load_date': datetime.datetime(2023, 10, 20, 13, 42, 49, 352310), 'gamesPlayed': 4, 'wins': 4, 'losses': 0, 'ot': 0, 'pts': 8, 'ptPctg': '100.0', 'goalsPerGame': 3.5, 'goalsAgainstPerGame': 1.0, 'evGGARatio': 1.75, 'powerPlayPercentage': '15.4', 'powerPlayGoals': 2.0, 'powerPlayGoalsAgainst': 0.0, 'powerPlayOpportunities': 13.0, 'penaltyKillPercentage': '100.0', 'shotsPerGame': 39.5, 'shotsAllowed': 28.25, 'winScoreFirst': 1.0, 'winOppScoreFirst': 1.0, 'winLeadFirstPer': 1.0, 'winLeadSecondPer': 1.0, 'winOutshootOpp': 1.0, 'winOutshotByOpp': 1.0, 'faceOffsTaken': 243.0, 'faceOffsWon': 112.0, 'faceOffsLost': 131.0, 'faceOffWinPercentage': '46.1', 'shootingPctg': 8.9, 'savePctg': 0.965}, {'stat_uid': UUID('828a9bfa-ac3e-4cc3-9b0b-7290b11b9f20'), 'uid': UUID('2ffcd653-8be9-4917-b95f-59ae7fd029e3'), 'load_date': datetime.datetime(2023, 10, 20, 13, 42, 49, 352310), 'wins': '2nd', 'losses': '2nd', 'ot': '11th', 'pts': '2nd', 'ptPctg': '2nd', 'goalsPerGame': '7th', 'goalsAgainstPerGame': '1st', 'evGGARatio': '5th', 'powerPlayPercentage': '22nd', 'powerPlayGoals': '18th', 'powerPlayGoalsAgainst': '1st', 'powerPlayOpportunities': '20th', 'penaltyKillOpportunities': '25th', 'penaltyKillPercentage': '1st', 'shotsPerGame': '1st', 'shotsAllowed': '10th', 'winScoreFirst': '4th', 'winOppScoreFirst': '2nd', 'winLeadFirstPer': '8th', 'winLeadSecondPer': '4th', 'winOutshootOpp': '7th', 'winOutshotByOpp': '7th', 'faceOffsTaken': '16th', 'faceOffsWon': '20th', 'faceOffsLost': '24th', 'faceOffWinPercentage': '26th', 'savePctRank': '1st', 'shootingPctRank': '20th'}]
[2023-10-20T13:42:49.363+0000] {base.py:73} INFO - Using connection ID 'conn_pg' for task execution.
[2023-10-20T13:42:49.373+0000] {taskinstance.py:1937} ERROR - Task failed with exception
Traceback (most recent call last):
  File "/opt/airflow/plugins/nhl_stats_save_operator.py", line 69, in execute
    self.save_data(data)
  File "/opt/airflow/plugins/nhl_stats_save_operator.py", line 46, in save_data
    with conn.begin() as conn:
AttributeError: 'psycopg2.extensions.connection' object has no attribute 'begin'
[2023-10-20T13:42:49.382+0000] {taskinstance.py:1400} INFO - Marking task as FAILED. dag_id=nhl_stats_save, task_id=save_nhl_stats, execution_date=20231020T134244, start_date=20231020T134248, end_date=20231020T134249
[2023-10-20T13:42:49.394+0000] {standard_task_runner.py:104} ERROR - Failed to execute job 23 for task save_nhl_stats ('psycopg2.extensions.connection' object has no attribute 'begin'; 384)
[2023-10-20T13:42:49.416+0000] {local_task_job_runner.py:228} INFO - Task exited with return code 1
[2023-10-20T13:42:49.434+0000] {taskinstance.py:2778} INFO - 0 downstream tasks scheduled from follow-on schedule check
