[2023-10-22T04:56:42.661+0000] {logging_mixin.py:151} INFO - Changing /opt/***/logs/dag_id=nhl_stats_save/run_id=manual__2023-10-22T04:56:40.711611+00:00/task_id=save_nhl_stats permission to 509
[2023-10-22T04:56:42.682+0000] {logging_mixin.py:151} INFO - Changing /opt/***/logs/dag_id=nhl_stats_save/run_id=manual__2023-10-22T04:56:40.711611+00:00/task_id=save_nhl_stats permission to 509
[2023-10-22T04:56:42.704+0000] {taskinstance.py:1159} INFO - Dependencies all met for dep_context=non-requeueable deps ti=<TaskInstance: nhl_stats_save.save_nhl_stats manual__2023-10-22T04:56:40.711611+00:00 [queued]>
[2023-10-22T04:56:42.711+0000] {taskinstance.py:1159} INFO - Dependencies all met for dep_context=requeueable deps ti=<TaskInstance: nhl_stats_save.save_nhl_stats manual__2023-10-22T04:56:40.711611+00:00 [queued]>
[2023-10-22T04:56:42.711+0000] {taskinstance.py:1361} INFO - Starting attempt 1 of 1
[2023-10-22T04:56:42.722+0000] {taskinstance.py:1382} INFO - Executing <Task(NhlStatsSaveOperator): save_nhl_stats> on 2023-10-22 04:56:40.711611+00:00
[2023-10-22T04:56:42.728+0000] {standard_task_runner.py:57} INFO - Started process 8717 to run task
[2023-10-22T04:56:42.730+0000] {standard_task_runner.py:84} INFO - Running: ['***', 'tasks', 'run', 'nhl_stats_save', 'save_nhl_stats', 'manual__2023-10-22T04:56:40.711611+00:00', '--job-id', '10', '--raw', '--subdir', 'DAGS_FOLDER/nhl_stats_save.py', '--cfg-path', '/tmp/tmpf_23nm6y']
[2023-10-22T04:56:42.731+0000] {standard_task_runner.py:85} INFO - Job 10: Subtask save_nhl_stats
[2023-10-22T04:56:42.741+0000] {warnings.py:109} WARNING - /home/***/.local/lib/python3.10/site-packages/***/settings.py:193: DeprecationWarning: The sql_alchemy_conn option in [core] has been moved to the sql_alchemy_conn option in [database] - the old setting has been used, but please update your config.
  SQL_ALCHEMY_CONN = conf.get("database", "SQL_ALCHEMY_CONN")

[2023-10-22T04:56:42.763+0000] {logging_mixin.py:151} INFO - Changing /opt/***/logs/dag_id=nhl_stats_save/run_id=manual__2023-10-22T04:56:40.711611+00:00/task_id=save_nhl_stats permission to 509
[2023-10-22T04:56:42.765+0000] {task_command.py:416} INFO - Running <TaskInstance: nhl_stats_save.save_nhl_stats manual__2023-10-22T04:56:40.711611+00:00 [running]> on host 9b9e466d03cf
[2023-10-22T04:56:42.821+0000] {taskinstance.py:1662} INFO - Exporting env vars: AIRFLOW_CTX_DAG_OWNER='babintseva' AIRFLOW_CTX_DAG_ID='nhl_stats_save' AIRFLOW_CTX_TASK_ID='save_nhl_stats' AIRFLOW_CTX_EXECUTION_DATE='2023-10-22T04:56:40.711611+00:00' AIRFLOW_CTX_TRY_NUMBER='1' AIRFLOW_CTX_DAG_RUN_ID='manual__2023-10-22T04:56:40.711611+00:00'
[2023-10-22T04:56:43.550+0000] {logging_mixin.py:151} INFO - --------
[2023-10-22T04:56:43.551+0000] {logging_mixin.py:151} INFO - None
[2023-10-22T04:56:43.551+0000] {logging_mixin.py:151} INFO - --------
[2023-10-22T04:56:43.552+0000] {logging_mixin.py:151} INFO - None
[2023-10-22T04:56:43.552+0000] {logging_mixin.py:151} INFO - Вставка team:[{'uid': 'd14d518e-885f-4d63-8a6d-713a2bfc3bf9', 'id': 21}]
[2023-10-22T04:56:43.553+0000] {logging_mixin.py:151} INFO - Вставка stats:[{'team_uid': 'd14d518e-885f-4d63-8a6d-713a2bfc3bf9', 'uid': '06e4c70f-9e26-4a20-8bd6-a9e9e83fce27', 'displayname': 'statsSingleSeason', 'gametype': {'id': 'R', 'description': 'Regular season', 'postseason': False}}, {'team_uid': 'd14d518e-885f-4d63-8a6d-713a2bfc3bf9', 'uid': 'c47da17a-058e-427c-93f4-5c9c65dfed8b', 'displayname': 'regularSeasonStatRankings', 'gametype': None}]
[2023-10-22T04:56:43.553+0000] {logging_mixin.py:151} INFO - Вставка splits:[{'stat_uid': '06e4c70f-9e26-4a20-8bd6-a9e9e83fce27', 'uid': 'a18ba676-0575-4a1e-9a98-beff2e3ab015', 'gamesPlayed': 5, 'wins': 5, 'losses': 0, 'ot': 0, 'pts': 10, 'ptPctg': '100.0', 'goalsPerGame': 4.0, 'goalsAgainstPerGame': 1.6, 'evGGARatio': 1.2857, 'powerPlayPercentage': '27.8', 'powerPlayGoals': 5.0, 'powerPlayGoalsAgainst': 1.0, 'powerPlayOpportunities': 18.0, 'penaltyKillPercentage': '95.5', 'shotsPerGame': 37.2, 'shotsAllowed': 28.0, 'winScoreFirst': 1.0, 'winOppScoreFirst': 1.0, 'winLeadFirstPer': 1.0, 'winLeadSecondPer': 1.0, 'winOutshootOpp': 1.0, 'winOutshotByOpp': 1.0, 'faceOffsTaken': 305.0, 'faceOffsWon': 144.0, 'faceOffsLost': 161.0, 'faceOffWinPercentage': '47.2', 'shootingPctg': 10.8, 'savePctg': 0.943}, {'stat_uid': 'c47da17a-058e-427c-93f4-5c9c65dfed8b', 'uid': '00690d1c-5ebe-49a6-a371-fa93ca1be9ac', 'wins': '2nd', 'losses': '2nd', 'ot': '15th', 'pts': '2nd', 'ptPctg': '2nd', 'goalsPerGame': '6th', 'goalsAgainstPerGame': '2nd', 'evGGARatio': '14th', 'powerPlayPercentage': '9th', 'powerPlayGoals': '9th', 'powerPlayGoalsAgainst': '3rd', 'powerPlayOpportunities': '11th', 'penaltyKillOpportunities': '28th', 'penaltyKillPercentage': '3rd', 'shotsPerGame': '2nd', 'shotsAllowed': '7th', 'winScoreFirst': '6th', 'winOppScoreFirst': '2nd', 'winLeadFirstPer': '8th', 'winLeadSecondPer': '3rd', 'winOutshootOpp': '5th', 'winOutshotByOpp': '5th', 'faceOffsTaken': '10th', 'faceOffsWon': '13th', 'faceOffsLost': '28th', 'faceOffWinPercentage': '24th', 'savePctRank': '2nd', 'shootingPctRank': '11th'}]
[2023-10-22T04:56:43.554+0000] {logging_mixin.py:151} INFO - postgresql+psycopg2://db_homework:db_homework@192.168.1.113:5434/db_homework
[2023-10-22T04:56:43.629+0000] {logging_mixin.py:151} INFO - <class 'dataset.table.Table'>
[2023-10-22T04:56:43.661+0000] {taskinstance.py:1400} INFO - Marking task as SUCCESS. dag_id=nhl_stats_save, task_id=save_nhl_stats, execution_date=20231022T045640, start_date=20231022T045642, end_date=20231022T045643
[2023-10-22T04:56:43.705+0000] {local_task_job_runner.py:228} INFO - Task exited with return code 0
[2023-10-22T04:56:43.722+0000] {taskinstance.py:2778} INFO - 0 downstream tasks scheduled from follow-on schedule check
