[2023-10-22T04:16:13.046+0000] {logging_mixin.py:151} INFO - Changing /opt/***/logs/dag_id=nhl_stats_save/run_id=scheduled__2023-10-21T12:00:00+00:00/task_id=save_nhl_stats permission to 509
[2023-10-22T04:16:13.079+0000] {logging_mixin.py:151} INFO - Changing /opt/***/logs/dag_id=nhl_stats_save/run_id=scheduled__2023-10-21T12:00:00+00:00/task_id=save_nhl_stats permission to 509
[2023-10-22T04:16:13.112+0000] {taskinstance.py:1159} INFO - Dependencies all met for dep_context=non-requeueable deps ti=<TaskInstance: nhl_stats_save.save_nhl_stats scheduled__2023-10-21T12:00:00+00:00 [queued]>
[2023-10-22T04:16:13.122+0000] {taskinstance.py:1159} INFO - Dependencies all met for dep_context=requeueable deps ti=<TaskInstance: nhl_stats_save.save_nhl_stats scheduled__2023-10-21T12:00:00+00:00 [queued]>
[2023-10-22T04:16:13.123+0000] {taskinstance.py:1361} INFO - Starting attempt 1 of 1
[2023-10-22T04:16:13.143+0000] {taskinstance.py:1382} INFO - Executing <Task(NhlStatsSaveOperator): save_nhl_stats> on 2023-10-21 12:00:00+00:00
[2023-10-22T04:16:13.151+0000] {standard_task_runner.py:57} INFO - Started process 7244 to run task
[2023-10-22T04:16:13.154+0000] {standard_task_runner.py:84} INFO - Running: ['***', 'tasks', 'run', 'nhl_stats_save', 'save_nhl_stats', 'scheduled__2023-10-21T12:00:00+00:00', '--job-id', '3', '--raw', '--subdir', 'DAGS_FOLDER/nhl_stats_save.py', '--cfg-path', '/tmp/tmpmk5p1ysl']
[2023-10-22T04:16:13.156+0000] {standard_task_runner.py:85} INFO - Job 3: Subtask save_nhl_stats
[2023-10-22T04:16:13.171+0000] {warnings.py:109} WARNING - /home/***/.local/lib/python3.10/site-packages/***/settings.py:193: DeprecationWarning: The sql_alchemy_conn option in [core] has been moved to the sql_alchemy_conn option in [database] - the old setting has been used, but please update your config.
  SQL_ALCHEMY_CONN = conf.get("database", "SQL_ALCHEMY_CONN")

[2023-10-22T04:16:13.202+0000] {logging_mixin.py:151} INFO - Changing /opt/***/logs/dag_id=nhl_stats_save/run_id=scheduled__2023-10-21T12:00:00+00:00/task_id=save_nhl_stats permission to 509
[2023-10-22T04:16:13.205+0000] {task_command.py:416} INFO - Running <TaskInstance: nhl_stats_save.save_nhl_stats scheduled__2023-10-21T12:00:00+00:00 [running]> on host 9b9e466d03cf
[2023-10-22T04:16:13.285+0000] {taskinstance.py:1662} INFO - Exporting env vars: AIRFLOW_CTX_DAG_OWNER='babintseva' AIRFLOW_CTX_DAG_ID='nhl_stats_save' AIRFLOW_CTX_TASK_ID='save_nhl_stats' AIRFLOW_CTX_EXECUTION_DATE='2023-10-21T12:00:00+00:00' AIRFLOW_CTX_TRY_NUMBER='1' AIRFLOW_CTX_DAG_RUN_ID='scheduled__2023-10-21T12:00:00+00:00'
[2023-10-22T04:16:14.062+0000] {logging_mixin.py:151} INFO - {'team_uid': '51ac0267-2969-47ba-abbd-018a315fdfb9', 'uid': '6fffd5fb-56e4-477d-8c86-b1e2a121510b'}
[2023-10-22T04:16:14.063+0000] {logging_mixin.py:151} INFO - {'displayName': 'statsSingleSeason', 'gameType': {'id': 'R', 'description': 'Regular season', 'postseason': False}}
[2023-10-22T04:16:14.064+0000] {logging_mixin.py:151} INFO - {'team_uid': '51ac0267-2969-47ba-abbd-018a315fdfb9', 'uid': 'aab130d9-78e9-4c79-9dc0-9ee76f69ddf6'}
[2023-10-22T04:16:14.064+0000] {logging_mixin.py:151} INFO - {'displayName': 'regularSeasonStatRankings', 'gameType': None}
[2023-10-22T04:16:14.064+0000] {logging_mixin.py:151} INFO - Вставка team:[{'uid': '51ac0267-2969-47ba-abbd-018a315fdfb9', 'id': 21}]
[2023-10-22T04:16:14.065+0000] {logging_mixin.py:151} INFO - Вставка stats:[{'team_uid': '51ac0267-2969-47ba-abbd-018a315fdfb9', 'uid': '6fffd5fb-56e4-477d-8c86-b1e2a121510b', 'displayName': 'statsSingleSeason', 'gameType': {'id': 'R', 'description': 'Regular season', 'postseason': False}}, {'team_uid': '51ac0267-2969-47ba-abbd-018a315fdfb9', 'uid': 'aab130d9-78e9-4c79-9dc0-9ee76f69ddf6', 'displayName': 'regularSeasonStatRankings', 'gameType': None}]
[2023-10-22T04:16:14.065+0000] {logging_mixin.py:151} INFO - Вставка splits:[{'stat_uid': '6fffd5fb-56e4-477d-8c86-b1e2a121510b', 'uid': '5cea6a98-cd9c-4c4c-9d0e-ebad4632c539', 'gamesPlayed': 4, 'wins': 4, 'losses': 0, 'ot': 0, 'pts': 8, 'ptPctg': '100.0', 'goalsPerGame': 3.5, 'goalsAgainstPerGame': 1.0, 'evGGARatio': 1.75, 'powerPlayPercentage': '15.4', 'powerPlayGoals': 2.0, 'powerPlayGoalsAgainst': 0.0, 'powerPlayOpportunities': 13.0, 'penaltyKillPercentage': '100.0', 'shotsPerGame': 39.5, 'shotsAllowed': 28.25, 'winScoreFirst': 1.0, 'winOppScoreFirst': 1.0, 'winLeadFirstPer': 1.0, 'winLeadSecondPer': 1.0, 'winOutshootOpp': 1.0, 'winOutshotByOpp': 1.0, 'faceOffsTaken': 243.0, 'faceOffsWon': 112.0, 'faceOffsLost': 131.0, 'faceOffWinPercentage': '46.1', 'shootingPctg': 8.9, 'savePctg': 0.965}, {'stat_uid': 'aab130d9-78e9-4c79-9dc0-9ee76f69ddf6', 'uid': '7227fd03-21a8-47a8-9317-05ba1f6f29f6', 'wins': '2nd', 'losses': '2nd', 'ot': '15th', 'pts': '2nd', 'ptPctg': '2nd', 'goalsPerGame': '10th', 'goalsAgainstPerGame': '1st', 'evGGARatio': '3rd', 'powerPlayPercentage': '19th', 'powerPlayGoals': '18th', 'powerPlayGoalsAgainst': '1st', 'powerPlayOpportunities': '26th', 'penaltyKillOpportunities': '14th', 'penaltyKillPercentage': '1st', 'shotsPerGame': '1st', 'shotsAllowed': '9th', 'winScoreFirst': '6th', 'winOppScoreFirst': '2nd', 'winLeadFirstPer': '8th', 'winLeadSecondPer': '3rd', 'winOutshootOpp': '5th', 'winOutshotByOpp': '5th', 'faceOffsTaken': '24th', 'faceOffsWon': '28th', 'faceOffsLost': '11th', 'faceOffWinPercentage': '28th', 'savePctRank': '1st', 'shootingPctRank': '20th'}]
[2023-10-22T04:16:14.066+0000] {logging_mixin.py:151} INFO - postgresql+psycopg2://db_homework:db_homework@192.168.1.113:5434/db_homework
[2023-10-22T04:16:14.219+0000] {taskinstance.py:1937} ERROR - Task failed with exception
Traceback (most recent call last):
  File "/opt/airflow/plugins/nhl_stats_save_operator.py", line 85, in execute
    self.save_data(data)
  File "/opt/airflow/plugins/nhl_stats_save_operator.py", line 56, in save_data
    table.insert_many(rows=splits, chunk_size=10000, dtype={"gametype": dialects.postgresql.JSONB})
TypeError: Table.insert_many() got an unexpected keyword argument 'dtype'
[2023-10-22T04:16:14.227+0000] {taskinstance.py:1400} INFO - Marking task as FAILED. dag_id=nhl_stats_save, task_id=save_nhl_stats, execution_date=20231021T120000, start_date=20231022T041613, end_date=20231022T041614
[2023-10-22T04:16:14.245+0000] {standard_task_runner.py:104} ERROR - Failed to execute job 3 for task save_nhl_stats (Table.insert_many() got an unexpected keyword argument 'dtype'; 7244)
[2023-10-22T04:16:14.290+0000] {local_task_job_runner.py:228} INFO - Task exited with return code 1
[2023-10-22T04:16:14.315+0000] {taskinstance.py:2778} INFO - 0 downstream tasks scheduled from follow-on schedule check
[2023-10-22T05:29:44.106+0000] {logging_mixin.py:151} INFO - Changing /opt/***/logs/dag_id=nhl_stats_save/run_id=scheduled__2023-10-21T12:00:00+00:00/task_id=save_nhl_stats permission to 509
[2023-10-22T05:29:44.134+0000] {logging_mixin.py:151} INFO - Changing /opt/***/logs/dag_id=nhl_stats_save/run_id=scheduled__2023-10-21T12:00:00+00:00/task_id=save_nhl_stats permission to 509
[2023-10-22T05:29:44.157+0000] {taskinstance.py:1159} INFO - Dependencies all met for dep_context=non-requeueable deps ti=<TaskInstance: nhl_stats_save.save_nhl_stats scheduled__2023-10-21T12:00:00+00:00 [queued]>
[2023-10-22T05:29:44.164+0000] {taskinstance.py:1159} INFO - Dependencies all met for dep_context=requeueable deps ti=<TaskInstance: nhl_stats_save.save_nhl_stats scheduled__2023-10-21T12:00:00+00:00 [queued]>
[2023-10-22T05:29:44.164+0000] {taskinstance.py:1361} INFO - Starting attempt 1 of 1
[2023-10-22T05:29:44.177+0000] {taskinstance.py:1382} INFO - Executing <Task(NhlStatsSaveOperator): save_nhl_stats> on 2023-10-21 12:00:00+00:00
[2023-10-22T05:29:44.183+0000] {standard_task_runner.py:57} INFO - Started process 171 to run task
[2023-10-22T05:29:44.189+0000] {standard_task_runner.py:84} INFO - Running: ['***', 'tasks', 'run', 'nhl_stats_save', 'save_nhl_stats', 'scheduled__2023-10-21T12:00:00+00:00', '--job-id', '3', '--raw', '--subdir', 'DAGS_FOLDER/nhl_stats_save.py', '--cfg-path', '/tmp/tmpks9an669']
[2023-10-22T05:29:44.190+0000] {standard_task_runner.py:85} INFO - Job 3: Subtask save_nhl_stats
[2023-10-22T05:29:44.201+0000] {warnings.py:109} WARNING - /home/***/.local/lib/python3.10/site-packages/***/settings.py:193: DeprecationWarning: The sql_alchemy_conn option in [core] has been moved to the sql_alchemy_conn option in [database] - the old setting has been used, but please update your config.
  SQL_ALCHEMY_CONN = conf.get("database", "SQL_ALCHEMY_CONN")

[2023-10-22T05:29:44.230+0000] {logging_mixin.py:151} INFO - Changing /opt/***/logs/dag_id=nhl_stats_save/run_id=scheduled__2023-10-21T12:00:00+00:00/task_id=save_nhl_stats permission to 509
[2023-10-22T05:29:44.233+0000] {task_command.py:416} INFO - Running <TaskInstance: nhl_stats_save.save_nhl_stats scheduled__2023-10-21T12:00:00+00:00 [running]> on host 06f8d34233ae
[2023-10-22T05:29:44.292+0000] {taskinstance.py:1662} INFO - Exporting env vars: AIRFLOW_CTX_DAG_OWNER='babintseva' AIRFLOW_CTX_DAG_ID='nhl_stats_save' AIRFLOW_CTX_TASK_ID='save_nhl_stats' AIRFLOW_CTX_EXECUTION_DATE='2023-10-21T12:00:00+00:00' AIRFLOW_CTX_TRY_NUMBER='1' AIRFLOW_CTX_DAG_RUN_ID='scheduled__2023-10-21T12:00:00+00:00'
[2023-10-22T05:29:44.916+0000] {logging_mixin.py:151} INFO - --------
[2023-10-22T05:29:44.917+0000] {logging_mixin.py:151} INFO - {'gamesPlayed': 5, 'wins': 5, 'losses': 0, 'ot': 0, 'pts': 10, 'ptPctg': '100.0', 'goalsPerGame': 4.0, 'goalsAgainstPerGame': 1.6, 'evGGARatio': 1.2857, 'powerPlayPercentage': '27.8', 'powerPlayGoals': 5.0, 'powerPlayGoalsAgainst': 1.0, 'powerPlayOpportunities': 18.0, 'penaltyKillPercentage': '95.5', 'shotsPerGame': 37.2, 'shotsAllowed': 28.0, 'winScoreFirst': 1.0, 'winOppScoreFirst': 1.0, 'winLeadFirstPer': 1.0, 'winLeadSecondPer': 1.0, 'winOutshootOpp': 1.0, 'winOutshotByOpp': 1.0, 'faceOffsTaken': 305.0, 'faceOffsWon': 144.0, 'faceOffsLost': 161.0, 'faceOffWinPercentage': '47.2', 'shootingPctg': 10.8, 'savePctg': 0.943}
[2023-10-22T05:29:44.917+0000] {logging_mixin.py:151} INFO - --------
[2023-10-22T05:29:44.918+0000] {logging_mixin.py:151} INFO - {'wins': '2nd', 'losses': '2nd', 'ot': '16th', 'pts': '2nd', 'ptPctg': '2nd', 'goalsPerGame': '6th', 'goalsAgainstPerGame': '2nd', 'evGGARatio': '14th', 'powerPlayPercentage': '8th', 'powerPlayGoals': '10th', 'powerPlayGoalsAgainst': '3rd', 'powerPlayOpportunities': '13th', 'penaltyKillOpportunities': '28th', 'penaltyKillPercentage': '3rd', 'shotsPerGame': '2nd', 'shotsAllowed': '6th', 'winScoreFirst': '6th', 'winOppScoreFirst': '2nd', 'winLeadFirstPer': '8th', 'winLeadSecondPer': '3rd', 'winOutshootOpp': '5th', 'winOutshotByOpp': '5th', 'faceOffsTaken': '13th', 'faceOffsWon': '16th', 'faceOffsLost': '27th', 'faceOffWinPercentage': '24th', 'savePctRank': '2nd', 'shootingPctRank': '11th'}
[2023-10-22T05:29:44.918+0000] {logging_mixin.py:151} INFO - Вставка team:[{'uid': '989c55bc-c0a2-4f50-b7c2-40a68ffd0f41', 'id': 21}]
[2023-10-22T05:29:44.919+0000] {logging_mixin.py:151} INFO - Вставка stats:[{'team_uid': '989c55bc-c0a2-4f50-b7c2-40a68ffd0f41', 'uid': '698855b1-6081-4647-8239-f9199013a633', 'display_name': 'statsSingleSeason', 'game_type': {'id': 'R', 'description': 'Regular season', 'postseason': False}}, {'team_uid': '989c55bc-c0a2-4f50-b7c2-40a68ffd0f41', 'uid': '368a5292-d9eb-4c2f-9f66-d55609f49fa6', 'display_name': 'regularSeasonStatRankings', 'game_type': None}]
[2023-10-22T05:29:44.919+0000] {logging_mixin.py:151} INFO - Вставка splits:[{'stat_uid': '698855b1-6081-4647-8239-f9199013a633', 'uid': '25143c3e-1547-4d39-ab15-7f04c6b79c99', 'games_played': None, 'wins': None, 'losses': None, 'ot': None, 'pts': None, 'ptpctg': None, 'goals_pergame': None, 'goals_against_pergame': None, 'evgga_ratio': None, 'power_play_percentage': None, 'power_play_goals': None, 'power_play_goals_against': None, 'power_play_opportunities': None, 'penalty_kill_percentage': None, 'shots_pergame': None, 'shots_allowed': None, 'win_score_first': None, 'win_opp_score_first': None, 'win_lead_first_per': None, 'win_lead_second_per': None, 'win_out_shootopp': None, 'win_out_shotbyopp': None, 'face_offs_taken': None, 'face_offs_won': None, 'face_offs_lost': None, 'face_off_win_percentage': None, 'shooting_pctg': None, 'save_pctg': None}, {'stat_uid': '368a5292-d9eb-4c2f-9f66-d55609f49fa6', 'uid': 'c7649d7a-d3ce-4cc1-906d-ed8d1035bb4c', 'games_played': None, 'wins': None, 'losses': None, 'ot': None, 'pts': None, 'ptpctg': None, 'goals_pergame': None, 'goals_against_pergame': None, 'evgga_ratio': None, 'power_play_percentage': None, 'power_play_goals': None, 'power_play_goals_against': None, 'power_play_opportunities': None, 'penalty_kill_percentage': None, 'shots_pergame': None, 'shots_allowed': None, 'win_score_first': None, 'win_opp_score_first': None, 'win_lead_first_per': None, 'win_lead_second_per': None, 'win_out_shootopp': None, 'win_out_shotbyopp': None, 'face_offs_taken': None, 'face_offs_won': None, 'face_offs_lost': None, 'face_off_win_percentage': None, 'shooting_pctg': None, 'save_pctg': None}]
[2023-10-22T05:29:44.919+0000] {logging_mixin.py:151} INFO - postgresql+psycopg2://db_homework:db_homework@192.168.1.113:5434/db_homework
[2023-10-22T05:29:45.037+0000] {logging_mixin.py:151} INFO - <class 'dataset.table.Table'>
[2023-10-22T05:29:45.090+0000] {taskinstance.py:1400} INFO - Marking task as SUCCESS. dag_id=nhl_stats_save, task_id=save_nhl_stats, execution_date=20231021T120000, start_date=20231022T052944, end_date=20231022T052945
[2023-10-22T05:29:45.124+0000] {local_task_job_runner.py:228} INFO - Task exited with return code 0
[2023-10-22T05:29:45.141+0000] {taskinstance.py:2778} INFO - 0 downstream tasks scheduled from follow-on schedule check
