[2023-10-21T13:16:16.020+0000] {logging_mixin.py:151} INFO - Changing /opt/***/logs/dag_id=random_cannabis_save/run_id=manual__2023-10-21T13:16:11.356111+00:00/task_id=get_random_cannabis permission to 509
[2023-10-21T13:16:16.072+0000] {logging_mixin.py:151} INFO - Changing /opt/***/logs/dag_id=random_cannabis_save/run_id=manual__2023-10-21T13:16:11.356111+00:00/task_id=get_random_cannabis permission to 509
[2023-10-21T13:16:16.120+0000] {taskinstance.py:1159} INFO - Dependencies all met for dep_context=non-requeueable deps ti=<TaskInstance: random_cannabis_save.get_random_cannabis manual__2023-10-21T13:16:11.356111+00:00 [queued]>
[2023-10-21T13:16:16.135+0000] {taskinstance.py:1159} INFO - Dependencies all met for dep_context=requeueable deps ti=<TaskInstance: random_cannabis_save.get_random_cannabis manual__2023-10-21T13:16:11.356111+00:00 [queued]>
[2023-10-21T13:16:16.136+0000] {taskinstance.py:1361} INFO - Starting attempt 1 of 1
[2023-10-21T13:16:16.157+0000] {taskinstance.py:1382} INFO - Executing <Task(RandomCannabisOperator): get_random_cannabis> on 2023-10-21 13:16:11.356111+00:00
[2023-10-21T13:16:16.167+0000] {standard_task_runner.py:57} INFO - Started process 83 to run task
[2023-10-21T13:16:16.172+0000] {standard_task_runner.py:84} INFO - Running: ['***', 'tasks', 'run', 'random_cannabis_save', 'get_random_cannabis', 'manual__2023-10-21T13:16:11.356111+00:00', '--job-id', '4', '--raw', '--subdir', 'DAGS_FOLDER/random_cannabis_save.py', '--cfg-path', '/tmp/tmp9j5c7j72']
[2023-10-21T13:16:16.176+0000] {standard_task_runner.py:85} INFO - Job 4: Subtask get_random_cannabis
[2023-10-21T13:16:16.232+0000] {warnings.py:109} WARNING - /home/***/.local/lib/python3.10/site-packages/***/settings.py:193: DeprecationWarning: The sql_alchemy_conn option in [core] has been moved to the sql_alchemy_conn option in [database] - the old setting has been used, but please update your config.
  SQL_ALCHEMY_CONN = conf.get("database", "SQL_ALCHEMY_CONN")

[2023-10-21T13:16:16.311+0000] {logging_mixin.py:151} INFO - Changing /opt/***/logs/dag_id=random_cannabis_save/run_id=manual__2023-10-21T13:16:11.356111+00:00/task_id=get_random_cannabis permission to 509
[2023-10-21T13:16:16.316+0000] {task_command.py:416} INFO - Running <TaskInstance: random_cannabis_save.get_random_cannabis manual__2023-10-21T13:16:11.356111+00:00 [running]> on host f4f5d56d4cc2
[2023-10-21T13:16:16.470+0000] {taskinstance.py:1662} INFO - Exporting env vars: AIRFLOW_CTX_DAG_OWNER='babintseva' AIRFLOW_CTX_DAG_ID='random_cannabis_save' AIRFLOW_CTX_TASK_ID='get_random_cannabis' AIRFLOW_CTX_EXECUTION_DATE='2023-10-21T13:16:11.356111+00:00' AIRFLOW_CTX_TRY_NUMBER='1' AIRFLOW_CTX_DAG_RUN_ID='manual__2023-10-21T13:16:11.356111+00:00'
[2023-10-21T13:16:17.502+0000] {logging_mixin.py:151} INFO - -------
[2023-10-21T13:16:17.504+0000] {logging_mixin.py:151} INFO - None
[2023-10-21T13:16:17.504+0000] {logging_mixin.py:151} INFO - -------
[2023-10-21T13:16:17.556+0000] {taskinstance.py:1400} INFO - Marking task as SUCCESS. dag_id=random_cannabis_save, task_id=get_random_cannabis, execution_date=20231021T131611, start_date=20231021T131616, end_date=20231021T131617
[2023-10-21T13:16:17.593+0000] {local_task_job_runner.py:228} INFO - Task exited with return code 0
[2023-10-21T13:16:17.630+0000] {taskinstance.py:2778} INFO - 0 downstream tasks scheduled from follow-on schedule check
