[2023-10-20T13:33:35.396+0000] {logging_mixin.py:151} INFO - Changing /opt/***/logs/dag_id=nhl_stats_save/run_id=manual__2023-10-20T13:33:28.650240+00:00/task_id=save_nhl_stats permission to 509
[2023-10-20T13:33:35.555+0000] {logging_mixin.py:151} INFO - Changing /opt/***/logs/dag_id=nhl_stats_save/run_id=manual__2023-10-20T13:33:28.650240+00:00/task_id=save_nhl_stats permission to 509
[2023-10-20T13:33:35.637+0000] {taskinstance.py:1159} INFO - Dependencies all met for dep_context=non-requeueable deps ti=<TaskInstance: nhl_stats_save.save_nhl_stats manual__2023-10-20T13:33:28.650240+00:00 [queued]>
[2023-10-20T13:33:35.667+0000] {taskinstance.py:1159} INFO - Dependencies all met for dep_context=requeueable deps ti=<TaskInstance: nhl_stats_save.save_nhl_stats manual__2023-10-20T13:33:28.650240+00:00 [queued]>
[2023-10-20T13:33:35.668+0000] {taskinstance.py:1361} INFO - Starting attempt 1 of 1
[2023-10-20T13:33:35.714+0000] {taskinstance.py:1382} INFO - Executing <Task(NhlStatsSaveOperator): save_nhl_stats> on 2023-10-20 13:33:28.650240+00:00
[2023-10-20T13:33:35.734+0000] {standard_task_runner.py:57} INFO - Started process 113 to run task
[2023-10-20T13:33:35.748+0000] {standard_task_runner.py:84} INFO - Running: ['***', 'tasks', 'run', 'nhl_stats_save', 'save_nhl_stats', 'manual__2023-10-20T13:33:28.650240+00:00', '--job-id', '21', '--raw', '--subdir', 'DAGS_FOLDER/nhl_stats_save.py', '--cfg-path', '/tmp/tmp0884l46s']
[2023-10-20T13:33:35.751+0000] {standard_task_runner.py:85} INFO - Job 21: Subtask save_nhl_stats
[2023-10-20T13:33:35.803+0000] {warnings.py:109} WARNING - /home/***/.local/lib/python3.10/site-packages/***/settings.py:193: DeprecationWarning: The sql_alchemy_conn option in [core] has been moved to the sql_alchemy_conn option in [database] - the old setting has been used, but please update your config.
  SQL_ALCHEMY_CONN = conf.get("database", "SQL_ALCHEMY_CONN")

[2023-10-20T13:33:35.965+0000] {logging_mixin.py:151} INFO - Changing /opt/***/logs/dag_id=nhl_stats_save/run_id=manual__2023-10-20T13:33:28.650240+00:00/task_id=save_nhl_stats permission to 509
[2023-10-20T13:33:35.970+0000] {task_command.py:416} INFO - Running <TaskInstance: nhl_stats_save.save_nhl_stats manual__2023-10-20T13:33:28.650240+00:00 [running]> on host 275f8ea92d2e
[2023-10-20T13:33:36.291+0000] {taskinstance.py:1662} INFO - Exporting env vars: AIRFLOW_CTX_DAG_OWNER='babintseva' AIRFLOW_CTX_DAG_ID='nhl_stats_save' AIRFLOW_CTX_TASK_ID='save_nhl_stats' AIRFLOW_CTX_EXECUTION_DATE='2023-10-20T13:33:28.650240+00:00' AIRFLOW_CTX_TRY_NUMBER='1' AIRFLOW_CTX_DAG_RUN_ID='manual__2023-10-20T13:33:28.650240+00:00'
[2023-10-20T13:33:36.955+0000] {logging_mixin.py:151} INFO - {'team_uid': UUID('52a8eea4-6e15-42dd-90a8-2b05f5334e69'), 'uid': UUID('d29d14a7-57d2-44fc-bca4-42f595e0a206'), 'load_date': datetime.datetime(2023, 10, 20, 13, 33, 36, 954346)}
[2023-10-20T13:33:36.959+0000] {logging_mixin.py:151} INFO - {'displayName': 'statsSingleSeason', 'gameType': {'id': 'R', 'description': 'Regular season', 'postseason': False}}
[2023-10-20T13:33:36.961+0000] {logging_mixin.py:151} INFO - {'team_uid': UUID('52a8eea4-6e15-42dd-90a8-2b05f5334e69'), 'uid': UUID('73f4cae1-52ee-42bc-82fe-60cdb3e5f5dd'), 'load_date': datetime.datetime(2023, 10, 20, 13, 33, 36, 954346)}
[2023-10-20T13:33:36.962+0000] {logging_mixin.py:151} INFO - {'displayName': 'regularSeasonStatRankings', 'gameType': None}
[2023-10-20T13:33:36.964+0000] {logging_mixin.py:151} INFO - Вставка team:[{'uid': UUID('52a8eea4-6e15-42dd-90a8-2b05f5334e69'), 'id': 21, 'load_date': datetime.datetime(2023, 10, 20, 13, 33, 36, 954346)}]
[2023-10-20T13:33:36.966+0000] {logging_mixin.py:151} INFO - Вставка stats:[{'team_uid': UUID('52a8eea4-6e15-42dd-90a8-2b05f5334e69'), 'uid': UUID('d29d14a7-57d2-44fc-bca4-42f595e0a206'), 'load_date': datetime.datetime(2023, 10, 20, 13, 33, 36, 954346), 'displayName': 'statsSingleSeason', 'gameType': {'id': 'R', 'description': 'Regular season', 'postseason': False}}, {'team_uid': UUID('52a8eea4-6e15-42dd-90a8-2b05f5334e69'), 'uid': UUID('73f4cae1-52ee-42bc-82fe-60cdb3e5f5dd'), 'load_date': datetime.datetime(2023, 10, 20, 13, 33, 36, 954346), 'displayName': 'regularSeasonStatRankings', 'gameType': None}]
[2023-10-20T13:33:36.967+0000] {logging_mixin.py:151} INFO - Вставка splits:[{'stat_uid': UUID('d29d14a7-57d2-44fc-bca4-42f595e0a206'), 'uid': UUID('6ae902a8-b25f-4c60-a12e-6acbefca0fbf'), 'load_date': datetime.datetime(2023, 10, 20, 13, 33, 36, 954346), 'gamesPlayed': 4, 'wins': 4, 'losses': 0, 'ot': 0, 'pts': 8, 'ptPctg': '100.0', 'goalsPerGame': 3.5, 'goalsAgainstPerGame': 1.0, 'evGGARatio': 1.75, 'powerPlayPercentage': '15.4', 'powerPlayGoals': 2.0, 'powerPlayGoalsAgainst': 0.0, 'powerPlayOpportunities': 13.0, 'penaltyKillPercentage': '100.0', 'shotsPerGame': 39.5, 'shotsAllowed': 28.25, 'winScoreFirst': 1.0, 'winOppScoreFirst': 1.0, 'winLeadFirstPer': 1.0, 'winLeadSecondPer': 1.0, 'winOutshootOpp': 1.0, 'winOutshotByOpp': 1.0, 'faceOffsTaken': 243.0, 'faceOffsWon': 112.0, 'faceOffsLost': 131.0, 'faceOffWinPercentage': '46.1', 'shootingPctg': 8.9, 'savePctg': 0.965}, {'stat_uid': UUID('73f4cae1-52ee-42bc-82fe-60cdb3e5f5dd'), 'uid': UUID('d54ad9e3-0225-4b08-b09a-ebcaf4f95542'), 'load_date': datetime.datetime(2023, 10, 20, 13, 33, 36, 954346), 'wins': '2nd', 'losses': '2nd', 'ot': '11th', 'pts': '2nd', 'ptPctg': '2nd', 'goalsPerGame': '7th', 'goalsAgainstPerGame': '1st', 'evGGARatio': '5th', 'powerPlayPercentage': '22nd', 'powerPlayGoals': '18th', 'powerPlayGoalsAgainst': '1st', 'powerPlayOpportunities': '20th', 'penaltyKillOpportunities': '25th', 'penaltyKillPercentage': '1st', 'shotsPerGame': '1st', 'shotsAllowed': '10th', 'winScoreFirst': '4th', 'winOppScoreFirst': '2nd', 'winLeadFirstPer': '8th', 'winLeadSecondPer': '4th', 'winOutshootOpp': '7th', 'winOutshotByOpp': '7th', 'faceOffsTaken': '16th', 'faceOffsWon': '20th', 'faceOffsLost': '24th', 'faceOffWinPercentage': '26th', 'savePctRank': '1st', 'shootingPctRank': '20th'}]
[2023-10-20T13:33:37.008+0000] {base.py:73} INFO - Using connection ID 'conn_pg' for task execution.
[2023-10-20T13:33:37.010+0000] {taskinstance.py:1937} ERROR - Task failed with exception
Traceback (most recent call last):
  File "/opt/airflow/plugins/nhl_stats_save_operator.py", line 69, in execute
    self.save_data(data)
  File "/opt/airflow/plugins/nhl_stats_save_operator.py", line 45, in save_data
    engine = pg_hook.get_sqlalchemy_engine(pg_hook)
  File "/home/airflow/.local/lib/python3.10/site-packages/airflow/providers/common/sql/hooks/sql.py", line 199, in get_sqlalchemy_engine
    return create_engine(self.get_uri(), **engine_kwargs)
TypeError: sqlalchemy.engine.create.create_engine() argument after ** must be a mapping, not PostgresHook
[2023-10-20T13:33:37.038+0000] {taskinstance.py:1400} INFO - Marking task as FAILED. dag_id=nhl_stats_save, task_id=save_nhl_stats, execution_date=20231020T133328, start_date=20231020T133335, end_date=20231020T133337
[2023-10-20T13:33:37.072+0000] {standard_task_runner.py:104} ERROR - Failed to execute job 21 for task save_nhl_stats (sqlalchemy.engine.create.create_engine() argument after ** must be a mapping, not PostgresHook; 113)
[2023-10-20T13:33:37.171+0000] {local_task_job_runner.py:228} INFO - Task exited with return code 1
[2023-10-20T13:33:37.235+0000] {taskinstance.py:2778} INFO - 0 downstream tasks scheduled from follow-on schedule check
