[2023-10-22T04:26:59.946+0000] {logging_mixin.py:151} INFO - Changing /opt/***/logs/dag_id=nhl_stats_save/run_id=manual__2023-10-22T04:26:57.019794+00:00/task_id=save_nhl_stats permission to 509
[2023-10-22T04:26:59.968+0000] {logging_mixin.py:151} INFO - Changing /opt/***/logs/dag_id=nhl_stats_save/run_id=manual__2023-10-22T04:26:57.019794+00:00/task_id=save_nhl_stats permission to 509
[2023-10-22T04:26:59.992+0000] {taskinstance.py:1159} INFO - Dependencies all met for dep_context=non-requeueable deps ti=<TaskInstance: nhl_stats_save.save_nhl_stats manual__2023-10-22T04:26:57.019794+00:00 [queued]>
[2023-10-22T04:26:59.999+0000] {taskinstance.py:1159} INFO - Dependencies all met for dep_context=requeueable deps ti=<TaskInstance: nhl_stats_save.save_nhl_stats manual__2023-10-22T04:26:57.019794+00:00 [queued]>
[2023-10-22T04:27:00.000+0000] {taskinstance.py:1361} INFO - Starting attempt 1 of 1
[2023-10-22T04:27:00.012+0000] {taskinstance.py:1382} INFO - Executing <Task(NhlStatsSaveOperator): save_nhl_stats> on 2023-10-22 04:26:57.019794+00:00
[2023-10-22T04:27:00.021+0000] {standard_task_runner.py:57} INFO - Started process 7633 to run task
[2023-10-22T04:27:00.024+0000] {standard_task_runner.py:84} INFO - Running: ['***', 'tasks', 'run', 'nhl_stats_save', 'save_nhl_stats', 'manual__2023-10-22T04:26:57.019794+00:00', '--job-id', '4', '--raw', '--subdir', 'DAGS_FOLDER/nhl_stats_save.py', '--cfg-path', '/tmp/tmp4hubf7ra']
[2023-10-22T04:27:00.025+0000] {standard_task_runner.py:85} INFO - Job 4: Subtask save_nhl_stats
[2023-10-22T04:27:00.040+0000] {warnings.py:109} WARNING - /home/***/.local/lib/python3.10/site-packages/***/settings.py:193: DeprecationWarning: The sql_alchemy_conn option in [core] has been moved to the sql_alchemy_conn option in [database] - the old setting has been used, but please update your config.
  SQL_ALCHEMY_CONN = conf.get("database", "SQL_ALCHEMY_CONN")

[2023-10-22T04:27:00.066+0000] {logging_mixin.py:151} INFO - Changing /opt/***/logs/dag_id=nhl_stats_save/run_id=manual__2023-10-22T04:26:57.019794+00:00/task_id=save_nhl_stats permission to 509
[2023-10-22T04:27:00.068+0000] {task_command.py:416} INFO - Running <TaskInstance: nhl_stats_save.save_nhl_stats manual__2023-10-22T04:26:57.019794+00:00 [running]> on host 9b9e466d03cf
[2023-10-22T04:27:00.124+0000] {taskinstance.py:1662} INFO - Exporting env vars: AIRFLOW_CTX_DAG_OWNER='babintseva' AIRFLOW_CTX_DAG_ID='nhl_stats_save' AIRFLOW_CTX_TASK_ID='save_nhl_stats' AIRFLOW_CTX_EXECUTION_DATE='2023-10-22T04:26:57.019794+00:00' AIRFLOW_CTX_TRY_NUMBER='1' AIRFLOW_CTX_DAG_RUN_ID='manual__2023-10-22T04:26:57.019794+00:00'
[2023-10-22T04:27:00.681+0000] {logging_mixin.py:151} INFO - {'team_uid': '57d4f9c5-d559-45e6-a4d6-b5ae300adf68', 'uid': '37a2fbaa-eb4f-4f23-b9d6-63b100e46b61'}
[2023-10-22T04:27:00.682+0000] {logging_mixin.py:151} INFO - {'displayName': 'statsSingleSeason', 'gameType': {'id': 'R', 'description': 'Regular season', 'postseason': False}}
[2023-10-22T04:27:00.682+0000] {logging_mixin.py:151} INFO - {'team_uid': '57d4f9c5-d559-45e6-a4d6-b5ae300adf68', 'uid': 'd11e92ec-5206-4fda-8f9c-2c0bb17c636c'}
[2023-10-22T04:27:00.682+0000] {logging_mixin.py:151} INFO - {'displayName': 'regularSeasonStatRankings', 'gameType': None}
[2023-10-22T04:27:00.683+0000] {logging_mixin.py:151} INFO - Вставка team:[{'uid': '57d4f9c5-d559-45e6-a4d6-b5ae300adf68', 'id': 21}]
[2023-10-22T04:27:00.683+0000] {logging_mixin.py:151} INFO - Вставка stats:[{'team_uid': '57d4f9c5-d559-45e6-a4d6-b5ae300adf68', 'uid': '37a2fbaa-eb4f-4f23-b9d6-63b100e46b61', 'displayName': 'statsSingleSeason', 'gameType': {'id': 'R', 'description': 'Regular season', 'postseason': False}}, {'team_uid': '57d4f9c5-d559-45e6-a4d6-b5ae300adf68', 'uid': 'd11e92ec-5206-4fda-8f9c-2c0bb17c636c', 'displayName': 'regularSeasonStatRankings', 'gameType': None}]
[2023-10-22T04:27:00.684+0000] {logging_mixin.py:151} INFO - Вставка splits:[{'stat_uid': '37a2fbaa-eb4f-4f23-b9d6-63b100e46b61', 'uid': '1c35e3a7-5194-491a-9f0e-48b2ccc56a15', 'gamesPlayed': 4, 'wins': 4, 'losses': 0, 'ot': 0, 'pts': 8, 'ptPctg': '100.0', 'goalsPerGame': 3.5, 'goalsAgainstPerGame': 1.0, 'evGGARatio': 1.75, 'powerPlayPercentage': '15.4', 'powerPlayGoals': 2.0, 'powerPlayGoalsAgainst': 0.0, 'powerPlayOpportunities': 13.0, 'penaltyKillPercentage': '100.0', 'shotsPerGame': 39.5, 'shotsAllowed': 28.25, 'winScoreFirst': 1.0, 'winOppScoreFirst': 1.0, 'winLeadFirstPer': 1.0, 'winLeadSecondPer': 1.0, 'winOutshootOpp': 1.0, 'winOutshotByOpp': 1.0, 'faceOffsTaken': 243.0, 'faceOffsWon': 112.0, 'faceOffsLost': 131.0, 'faceOffWinPercentage': '46.1', 'shootingPctg': 8.9, 'savePctg': 0.965}, {'stat_uid': 'd11e92ec-5206-4fda-8f9c-2c0bb17c636c', 'uid': '32580a5a-97b2-455a-b8ce-218aff662df2', 'wins': '2nd', 'losses': '2nd', 'ot': '15th', 'pts': '2nd', 'ptPctg': '2nd', 'goalsPerGame': '10th', 'goalsAgainstPerGame': '1st', 'evGGARatio': '3rd', 'powerPlayPercentage': '19th', 'powerPlayGoals': '18th', 'powerPlayGoalsAgainst': '1st', 'powerPlayOpportunities': '26th', 'penaltyKillOpportunities': '14th', 'penaltyKillPercentage': '1st', 'shotsPerGame': '1st', 'shotsAllowed': '9th', 'winScoreFirst': '6th', 'winOppScoreFirst': '2nd', 'winLeadFirstPer': '8th', 'winLeadSecondPer': '3rd', 'winOutshootOpp': '5th', 'winOutshotByOpp': '5th', 'faceOffsTaken': '24th', 'faceOffsWon': '28th', 'faceOffsLost': '11th', 'faceOffWinPercentage': '28th', 'savePctRank': '1st', 'shootingPctRank': '20th'}]
[2023-10-22T04:27:00.684+0000] {logging_mixin.py:151} INFO - postgresql+psycopg2://db_homework:db_homework@192.168.1.113:5434/db_homework
[2023-10-22T04:27:00.769+0000] {taskinstance.py:1400} INFO - Marking task as SUCCESS. dag_id=nhl_stats_save, task_id=save_nhl_stats, execution_date=20231022T042657, start_date=20231022T042659, end_date=20231022T042700
[2023-10-22T04:27:00.798+0000] {local_task_job_runner.py:228} INFO - Task exited with return code 0
[2023-10-22T04:27:00.812+0000] {taskinstance.py:2778} INFO - 0 downstream tasks scheduled from follow-on schedule check
