[2023-10-22T05:10:47.887+0000] {logging_mixin.py:151} INFO - Changing /opt/***/logs/dag_id=nhl_stats_save/run_id=manual__2023-10-22T05:10:45.286848+00:00/task_id=save_nhl_stats permission to 509
[2023-10-22T05:10:47.915+0000] {logging_mixin.py:151} INFO - Changing /opt/***/logs/dag_id=nhl_stats_save/run_id=manual__2023-10-22T05:10:45.286848+00:00/task_id=save_nhl_stats permission to 509
[2023-10-22T05:10:47.937+0000] {taskinstance.py:1159} INFO - Dependencies all met for dep_context=non-requeueable deps ti=<TaskInstance: nhl_stats_save.save_nhl_stats manual__2023-10-22T05:10:45.286848+00:00 [queued]>
[2023-10-22T05:10:47.944+0000] {taskinstance.py:1159} INFO - Dependencies all met for dep_context=requeueable deps ti=<TaskInstance: nhl_stats_save.save_nhl_stats manual__2023-10-22T05:10:45.286848+00:00 [queued]>
[2023-10-22T05:10:47.944+0000] {taskinstance.py:1361} INFO - Starting attempt 1 of 1
[2023-10-22T05:10:47.954+0000] {taskinstance.py:1382} INFO - Executing <Task(NhlStatsSaveOperator): save_nhl_stats> on 2023-10-22 05:10:45.286848+00:00
[2023-10-22T05:10:47.963+0000] {standard_task_runner.py:84} INFO - Running: ['***', 'tasks', 'run', 'nhl_stats_save', 'save_nhl_stats', 'manual__2023-10-22T05:10:45.286848+00:00', '--job-id', '11', '--raw', '--subdir', 'DAGS_FOLDER/nhl_stats_save.py', '--cfg-path', '/tmp/tmp81r0rqy_']
[2023-10-22T05:10:47.961+0000] {standard_task_runner.py:57} INFO - Started process 9237 to run task
[2023-10-22T05:10:47.964+0000] {standard_task_runner.py:85} INFO - Job 11: Subtask save_nhl_stats
[2023-10-22T05:10:47.974+0000] {warnings.py:109} WARNING - /home/***/.local/lib/python3.10/site-packages/***/settings.py:193: DeprecationWarning: The sql_alchemy_conn option in [core] has been moved to the sql_alchemy_conn option in [database] - the old setting has been used, but please update your config.
  SQL_ALCHEMY_CONN = conf.get("database", "SQL_ALCHEMY_CONN")

[2023-10-22T05:10:47.999+0000] {logging_mixin.py:151} INFO - Changing /opt/***/logs/dag_id=nhl_stats_save/run_id=manual__2023-10-22T05:10:45.286848+00:00/task_id=save_nhl_stats permission to 509
[2023-10-22T05:10:48.001+0000] {task_command.py:416} INFO - Running <TaskInstance: nhl_stats_save.save_nhl_stats manual__2023-10-22T05:10:45.286848+00:00 [running]> on host 9b9e466d03cf
[2023-10-22T05:10:48.136+0000] {taskinstance.py:1662} INFO - Exporting env vars: AIRFLOW_CTX_DAG_OWNER='babintseva' AIRFLOW_CTX_DAG_ID='nhl_stats_save' AIRFLOW_CTX_TASK_ID='save_nhl_stats' AIRFLOW_CTX_EXECUTION_DATE='2023-10-22T05:10:45.286848+00:00' AIRFLOW_CTX_TRY_NUMBER='1' AIRFLOW_CTX_DAG_RUN_ID='manual__2023-10-22T05:10:45.286848+00:00'
[2023-10-22T05:10:48.872+0000] {logging_mixin.py:151} INFO - --------
[2023-10-22T05:10:48.873+0000] {logging_mixin.py:151} INFO - {'gamesPlayed': 5, 'wins': 5, 'losses': 0, 'ot': 0, 'pts': 10, 'ptPctg': '100.0', 'goalsPerGame': 4.0, 'goalsAgainstPerGame': 1.6, 'evGGARatio': 1.2857, 'powerPlayPercentage': '27.8', 'powerPlayGoals': 5.0, 'powerPlayGoalsAgainst': 1.0, 'powerPlayOpportunities': 18.0, 'penaltyKillPercentage': '95.5', 'shotsPerGame': 37.2, 'shotsAllowed': 28.0, 'winScoreFirst': 1.0, 'winOppScoreFirst': 1.0, 'winLeadFirstPer': 1.0, 'winLeadSecondPer': 1.0, 'winOutshootOpp': 1.0, 'winOutshotByOpp': 1.0, 'faceOffsTaken': 305.0, 'faceOffsWon': 144.0, 'faceOffsLost': 161.0, 'faceOffWinPercentage': '47.2', 'shootingPctg': 10.8, 'savePctg': 0.943}
[2023-10-22T05:10:48.873+0000] {logging_mixin.py:151} INFO - --------
[2023-10-22T05:10:48.874+0000] {logging_mixin.py:151} INFO - {'wins': '2nd', 'losses': '2nd', 'ot': '15th', 'pts': '2nd', 'ptPctg': '2nd', 'goalsPerGame': '6th', 'goalsAgainstPerGame': '2nd', 'evGGARatio': '14th', 'powerPlayPercentage': '9th', 'powerPlayGoals': '9th', 'powerPlayGoalsAgainst': '3rd', 'powerPlayOpportunities': '11th', 'penaltyKillOpportunities': '28th', 'penaltyKillPercentage': '3rd', 'shotsPerGame': '2nd', 'shotsAllowed': '7th', 'winScoreFirst': '6th', 'winOppScoreFirst': '2nd', 'winLeadFirstPer': '8th', 'winLeadSecondPer': '3rd', 'winOutshootOpp': '5th', 'winOutshotByOpp': '5th', 'faceOffsTaken': '10th', 'faceOffsWon': '13th', 'faceOffsLost': '28th', 'faceOffWinPercentage': '24th', 'savePctRank': '2nd', 'shootingPctRank': '11th'}
[2023-10-22T05:10:48.875+0000] {logging_mixin.py:151} INFO - Вставка team:[{'uid': '345539ea-da39-40bb-8a37-7d1ca32ceae9', 'id': 21}]
[2023-10-22T05:10:48.875+0000] {logging_mixin.py:151} INFO - Вставка stats:[{'team_uid': '345539ea-da39-40bb-8a37-7d1ca32ceae9', 'uid': 'd449eea0-ee99-4c4e-952a-2f20a7d7614f', 'display_name': 'statsSingleSeason', 'game_type': {'id': 'R', 'description': 'Regular season', 'postseason': False}}, {'team_uid': '345539ea-da39-40bb-8a37-7d1ca32ceae9', 'uid': '84502756-ddc9-465b-803d-38e885de79e9', 'display_name': 'regularSeasonStatRankings', 'game_type': None}]
[2023-10-22T05:10:48.876+0000] {logging_mixin.py:151} INFO - Вставка splits:[{'stat_uid': 'd449eea0-ee99-4c4e-952a-2f20a7d7614f', 'uid': 'e5385aac-14e0-4555-92a1-3bd8e0ca60ee'}, {'stat_uid': '84502756-ddc9-465b-803d-38e885de79e9', 'uid': '8cf01b9c-4dd7-4bdc-baf2-6312aa240f9a'}]
[2023-10-22T05:10:48.876+0000] {logging_mixin.py:151} INFO - postgresql+psycopg2://db_homework:db_homework@192.168.1.113:5434/db_homework
[2023-10-22T05:10:49.016+0000] {migration.py:213} INFO - Context impl PostgresqlImpl.
[2023-10-22T05:10:49.017+0000] {migration.py:216} INFO - Will assume transactional DDL.
[2023-10-22T05:10:49.022+0000] {taskinstance.py:1937} ERROR - Task failed with exception
Traceback (most recent call last):
  File "/opt/airflow/plugins/nhl_stats_save_operator.py", line 120, in execute
    self.save_data(data)
  File "/opt/airflow/plugins/nhl_stats_save_operator.py", line 88, in save_data
    table.insert_many(rows=stats, chunk_size=10000)
  File "/home/airflow/.local/lib/python3.10/site-packages/dataset/table.py", line 172, in insert_many
    self._sync_columns(sync_row, ensure, types=types)
  File "/home/airflow/.local/lib/python3.10/site-packages/dataset/table.py", line 380, in _sync_columns
    self._sync_table(sync_columns.values())
  File "/home/airflow/.local/lib/python3.10/site-packages/dataset/table.py", line 355, in _sync_table
    self.db.op.add_column(self.name, column, self.db.schema)
TypeError: add_column() takes 3 positional arguments but 4 were given
[2023-10-22T05:10:49.051+0000] {taskinstance.py:1400} INFO - Marking task as FAILED. dag_id=nhl_stats_save, task_id=save_nhl_stats, execution_date=20231022T051045, start_date=20231022T051047, end_date=20231022T051049
[2023-10-22T05:10:49.065+0000] {standard_task_runner.py:104} ERROR - Failed to execute job 11 for task save_nhl_stats (add_column() takes 3 positional arguments but 4 were given; 9237)
[2023-10-22T05:10:49.100+0000] {local_task_job_runner.py:228} INFO - Task exited with return code 1
[2023-10-22T05:10:49.135+0000] {taskinstance.py:2778} INFO - 0 downstream tasks scheduled from follow-on schedule check
