[2023-10-22T06:32:01.114+0000] {logging_mixin.py:151} INFO - Changing /opt/***/logs/dag_id=nhl_stats_save/run_id=manual__2023-10-22T06:31:58.765816+00:00/task_id=save_nhl_stats permission to 509
[2023-10-22T06:32:01.138+0000] {logging_mixin.py:151} INFO - Changing /opt/***/logs/dag_id=nhl_stats_save/run_id=manual__2023-10-22T06:31:58.765816+00:00/task_id=save_nhl_stats permission to 509
[2023-10-22T06:32:01.161+0000] {taskinstance.py:1159} INFO - Dependencies all met for dep_context=non-requeueable deps ti=<TaskInstance: nhl_stats_save.save_nhl_stats manual__2023-10-22T06:31:58.765816+00:00 [queued]>
[2023-10-22T06:32:01.168+0000] {taskinstance.py:1159} INFO - Dependencies all met for dep_context=requeueable deps ti=<TaskInstance: nhl_stats_save.save_nhl_stats manual__2023-10-22T06:31:58.765816+00:00 [queued]>
[2023-10-22T06:32:01.168+0000] {taskinstance.py:1361} INFO - Starting attempt 1 of 1
[2023-10-22T06:32:01.178+0000] {taskinstance.py:1382} INFO - Executing <Task(NhlStatsSaveOperator): save_nhl_stats> on 2023-10-22 06:31:58.765816+00:00
[2023-10-22T06:32:01.184+0000] {standard_task_runner.py:57} INFO - Started process 1698 to run task
[2023-10-22T06:32:01.186+0000] {standard_task_runner.py:84} INFO - Running: ['***', 'tasks', 'run', 'nhl_stats_save', 'save_nhl_stats', 'manual__2023-10-22T06:31:58.765816+00:00', '--job-id', '8', '--raw', '--subdir', 'DAGS_FOLDER/nhl_stats_save.py', '--cfg-path', '/tmp/tmphvj5zgij']
[2023-10-22T06:32:01.188+0000] {standard_task_runner.py:85} INFO - Job 8: Subtask save_nhl_stats
[2023-10-22T06:32:01.198+0000] {warnings.py:109} WARNING - /home/***/.local/lib/python3.10/site-packages/***/settings.py:193: DeprecationWarning: The sql_alchemy_conn option in [core] has been moved to the sql_alchemy_conn option in [database] - the old setting has been used, but please update your config.
  SQL_ALCHEMY_CONN = conf.get("database", "SQL_ALCHEMY_CONN")

[2023-10-22T06:32:01.220+0000] {logging_mixin.py:151} INFO - Changing /opt/***/logs/dag_id=nhl_stats_save/run_id=manual__2023-10-22T06:31:58.765816+00:00/task_id=save_nhl_stats permission to 509
[2023-10-22T06:32:01.222+0000] {task_command.py:416} INFO - Running <TaskInstance: nhl_stats_save.save_nhl_stats manual__2023-10-22T06:31:58.765816+00:00 [running]> on host 06f8d34233ae
[2023-10-22T06:32:01.280+0000] {taskinstance.py:1662} INFO - Exporting env vars: AIRFLOW_CTX_DAG_OWNER='babintseva' AIRFLOW_CTX_DAG_ID='nhl_stats_save' AIRFLOW_CTX_TASK_ID='save_nhl_stats' AIRFLOW_CTX_EXECUTION_DATE='2023-10-22T06:31:58.765816+00:00' AIRFLOW_CTX_TRY_NUMBER='1' AIRFLOW_CTX_DAG_RUN_ID='manual__2023-10-22T06:31:58.765816+00:00'
[2023-10-22T06:32:01.902+0000] {logging_mixin.py:151} INFO - {'gamesPlayed': 5, 'wins': 5, 'losses': 0, 'ot': 0, 'pts': 10, 'ptPctg': '100.0', 'goalsPerGame': 4.0, 'goalsAgainstPerGame': 1.6, 'evGGARatio': 1.2857, 'powerPlayPercentage': '27.8', 'powerPlayGoals': 5.0, 'powerPlayGoalsAgainst': 1.0, 'powerPlayOpportunities': 18.0, 'penaltyKillPercentage': '95.5', 'shotsPerGame': 37.2, 'shotsAllowed': 28.0, 'winScoreFirst': 1.0, 'winOppScoreFirst': 1.0, 'winLeadFirstPer': 1.0, 'winLeadSecondPer': 1.0, 'winOutshootOpp': 1.0, 'winOutshotByOpp': 1.0, 'faceOffsTaken': 305.0, 'faceOffsWon': 144.0, 'faceOffsLost': 161.0, 'faceOffWinPercentage': '47.2', 'shootingPctg': 10.8, 'savePctg': 0.943}
[2023-10-22T06:32:01.903+0000] {logging_mixin.py:151} INFO - {'wins': '2nd', 'losses': '2nd', 'ot': '16th', 'pts': '2nd', 'ptPctg': '2nd', 'goalsPerGame': '6th', 'goalsAgainstPerGame': '2nd', 'evGGARatio': '13th', 'powerPlayPercentage': '8th', 'powerPlayGoals': '10th', 'powerPlayGoalsAgainst': '2nd', 'powerPlayOpportunities': '14th', 'penaltyKillOpportunities': '28th', 'penaltyKillPercentage': '2nd', 'shotsPerGame': '2nd', 'shotsAllowed': '6th', 'winScoreFirst': '6th', 'winOppScoreFirst': '2nd', 'winLeadFirstPer': '8th', 'winLeadSecondPer': '3rd', 'winOutshootOpp': '5th', 'winOutshotByOpp': '5th', 'faceOffsTaken': '14th', 'faceOffsWon': '17th', 'faceOffsLost': '26th', 'faceOffWinPercentage': '24th', 'savePctRank': '2nd', 'shootingPctRank': '11th'}
[2023-10-22T06:32:01.903+0000] {taskinstance.py:1937} ERROR - Task failed with exception
Traceback (most recent call last):
  File "/opt/airflow/plugins/nhl_stats_save_operator.py", line 102, in execute
    self.save_data(data)
  File "/opt/airflow/plugins/nhl_stats_save_operator.py", line 75, in save_data
    (team, stats, splits) = self.parse_data(df)
  File "/opt/airflow/plugins/nhl_stats_save_operator.py", line 65, in parse_data
    'shooting_pctg': jsSplit.get('stat')['shootingPctg'],
KeyError: 'shootingPctg'
[2023-10-22T06:32:01.911+0000] {taskinstance.py:1400} INFO - Marking task as FAILED. dag_id=nhl_stats_save, task_id=save_nhl_stats, execution_date=20231022T063158, start_date=20231022T063201, end_date=20231022T063201
[2023-10-22T06:32:01.923+0000] {standard_task_runner.py:104} ERROR - Failed to execute job 8 for task save_nhl_stats ('shootingPctg'; 1698)
[2023-10-22T06:32:01.961+0000] {local_task_job_runner.py:228} INFO - Task exited with return code 1
[2023-10-22T06:32:01.981+0000] {taskinstance.py:2778} INFO - 0 downstream tasks scheduled from follow-on schedule check
