[2023-10-21T13:52:12.234+0000] {logging_mixin.py:151} INFO - Changing /opt/***/logs/dag_id=nhl_stats_save/run_id=manual__2023-10-21T13:52:03.037179+00:00/task_id=save_nhl_stats permission to 509
[2023-10-21T13:52:12.289+0000] {logging_mixin.py:151} INFO - Changing /opt/***/logs/dag_id=nhl_stats_save/run_id=manual__2023-10-21T13:52:03.037179+00:00/task_id=save_nhl_stats permission to 509
[2023-10-21T13:52:12.345+0000] {taskinstance.py:1159} INFO - Dependencies all met for dep_context=non-requeueable deps ti=<TaskInstance: nhl_stats_save.save_nhl_stats manual__2023-10-21T13:52:03.037179+00:00 [queued]>
[2023-10-21T13:52:12.367+0000] {taskinstance.py:1159} INFO - Dependencies all met for dep_context=requeueable deps ti=<TaskInstance: nhl_stats_save.save_nhl_stats manual__2023-10-21T13:52:03.037179+00:00 [queued]>
[2023-10-21T13:52:12.369+0000] {taskinstance.py:1361} INFO - Starting attempt 1 of 1
[2023-10-21T13:52:12.398+0000] {taskinstance.py:1382} INFO - Executing <Task(NhlStatsSaveOperator): save_nhl_stats> on 2023-10-21 13:52:03.037179+00:00
[2023-10-21T13:52:12.412+0000] {standard_task_runner.py:57} INFO - Started process 1248 to run task
[2023-10-21T13:52:12.423+0000] {standard_task_runner.py:84} INFO - Running: ['***', 'tasks', 'run', 'nhl_stats_save', 'save_nhl_stats', 'manual__2023-10-21T13:52:03.037179+00:00', '--job-id', '13', '--raw', '--subdir', 'DAGS_FOLDER/nhl_stats_save.py', '--cfg-path', '/tmp/tmpqizlsx08']
[2023-10-21T13:52:12.425+0000] {standard_task_runner.py:85} INFO - Job 13: Subtask save_nhl_stats
[2023-10-21T13:52:12.469+0000] {warnings.py:109} WARNING - /home/***/.local/lib/python3.10/site-packages/***/settings.py:193: DeprecationWarning: The sql_alchemy_conn option in [core] has been moved to the sql_alchemy_conn option in [database] - the old setting has been used, but please update your config.
  SQL_ALCHEMY_CONN = conf.get("database", "SQL_ALCHEMY_CONN")

[2023-10-21T13:52:12.622+0000] {logging_mixin.py:151} INFO - Changing /opt/***/logs/dag_id=nhl_stats_save/run_id=manual__2023-10-21T13:52:03.037179+00:00/task_id=save_nhl_stats permission to 509
[2023-10-21T13:52:12.633+0000] {task_command.py:416} INFO - Running <TaskInstance: nhl_stats_save.save_nhl_stats manual__2023-10-21T13:52:03.037179+00:00 [running]> on host f4f5d56d4cc2
[2023-10-21T13:52:12.839+0000] {taskinstance.py:1662} INFO - Exporting env vars: AIRFLOW_CTX_DAG_OWNER='babintseva' AIRFLOW_CTX_DAG_ID='nhl_stats_save' AIRFLOW_CTX_TASK_ID='save_nhl_stats' AIRFLOW_CTX_EXECUTION_DATE='2023-10-21T13:52:03.037179+00:00' AIRFLOW_CTX_TRY_NUMBER='1' AIRFLOW_CTX_DAG_RUN_ID='manual__2023-10-21T13:52:03.037179+00:00'
[2023-10-21T13:52:13.551+0000] {logging_mixin.py:151} INFO - {'team_uid': UUID('2efb3f7a-8401-4952-99a2-c8225ce78133'), 'uid': UUID('17cb4856-8964-47e4-be9c-20108e9887d6')}
[2023-10-21T13:52:13.553+0000] {logging_mixin.py:151} INFO - {'displayName': 'statsSingleSeason', 'gameType': {'id': 'R', 'description': 'Regular season', 'postseason': False}}
[2023-10-21T13:52:13.554+0000] {logging_mixin.py:151} INFO - {'team_uid': UUID('2efb3f7a-8401-4952-99a2-c8225ce78133'), 'uid': UUID('689ee325-b2d8-4747-b8f2-c03828b52134')}
[2023-10-21T13:52:13.555+0000] {logging_mixin.py:151} INFO - {'displayName': 'regularSeasonStatRankings', 'gameType': None}
[2023-10-21T13:52:13.556+0000] {logging_mixin.py:151} INFO - Вставка team:[{'uid': UUID('2efb3f7a-8401-4952-99a2-c8225ce78133'), 'id': 21}]
[2023-10-21T13:52:13.557+0000] {logging_mixin.py:151} INFO - Вставка stats:[{'team_uid': UUID('2efb3f7a-8401-4952-99a2-c8225ce78133'), 'uid': UUID('17cb4856-8964-47e4-be9c-20108e9887d6'), 'displayName': 'statsSingleSeason', 'gameType': {'id': 'R', 'description': 'Regular season', 'postseason': False}}, {'team_uid': UUID('2efb3f7a-8401-4952-99a2-c8225ce78133'), 'uid': UUID('689ee325-b2d8-4747-b8f2-c03828b52134'), 'displayName': 'regularSeasonStatRankings', 'gameType': None}]
[2023-10-21T13:52:13.558+0000] {logging_mixin.py:151} INFO - Вставка splits:[{'stat_uid': UUID('17cb4856-8964-47e4-be9c-20108e9887d6'), 'uid': UUID('0469b6c1-b781-40a4-a92a-10eedb69aef0'), 'gamesPlayed': 4, 'wins': 4, 'losses': 0, 'ot': 0, 'pts': 8, 'ptPctg': '100.0', 'goalsPerGame': 3.5, 'goalsAgainstPerGame': 1.0, 'evGGARatio': 1.75, 'powerPlayPercentage': '15.4', 'powerPlayGoals': 2.0, 'powerPlayGoalsAgainst': 0.0, 'powerPlayOpportunities': 13.0, 'penaltyKillPercentage': '100.0', 'shotsPerGame': 39.5, 'shotsAllowed': 28.25, 'winScoreFirst': 1.0, 'winOppScoreFirst': 1.0, 'winLeadFirstPer': 1.0, 'winLeadSecondPer': 1.0, 'winOutshootOpp': 1.0, 'winOutshotByOpp': 1.0, 'faceOffsTaken': 243.0, 'faceOffsWon': 112.0, 'faceOffsLost': 131.0, 'faceOffWinPercentage': '46.1', 'shootingPctg': 8.9, 'savePctg': 0.965}, {'stat_uid': UUID('689ee325-b2d8-4747-b8f2-c03828b52134'), 'uid': UUID('d7dc8bbb-32a7-42e9-b6bd-f60c71e7832f'), 'wins': '2nd', 'losses': '2nd', 'ot': '12th', 'pts': '2nd', 'ptPctg': '2nd', 'goalsPerGame': '8th', 'goalsAgainstPerGame': '1st', 'evGGARatio': '6th', 'powerPlayPercentage': '21st', 'powerPlayGoals': '18th', 'powerPlayGoalsAgainst': '1st', 'powerPlayOpportunities': '20th', 'penaltyKillOpportunities': '23rd', 'penaltyKillPercentage': '1st', 'shotsPerGame': '1st', 'shotsAllowed': '10th', 'winScoreFirst': '4th', 'winOppScoreFirst': '2nd', 'winLeadFirstPer': '8th', 'winLeadSecondPer': '4th', 'winOutshootOpp': '7th', 'winOutshotByOpp': '7th', 'faceOffsTaken': '16th', 'faceOffsWon': '21st', 'faceOffsLost': '23rd', 'faceOffWinPercentage': '27th', 'savePctRank': '1st', 'shootingPctRank': '19th'}]
[2023-10-21T13:52:13.762+0000] {taskinstance.py:1400} INFO - Marking task as SUCCESS. dag_id=nhl_stats_save, task_id=save_nhl_stats, execution_date=20231021T135203, start_date=20231021T135212, end_date=20231021T135213
[2023-10-21T13:52:13.807+0000] {local_task_job_runner.py:228} INFO - Task exited with return code 0
[2023-10-21T13:52:13.838+0000] {taskinstance.py:2778} INFO - 0 downstream tasks scheduled from follow-on schedule check
