[2023-10-21T13:51:15.647+0000] {logging_mixin.py:151} INFO - Changing /opt/***/logs/dag_id=nhl_stats_save/run_id=manual__2023-10-21T13:51:11.561660+00:00/task_id=save_nhl_stats permission to 509
[2023-10-21T13:51:15.696+0000] {logging_mixin.py:151} INFO - Changing /opt/***/logs/dag_id=nhl_stats_save/run_id=manual__2023-10-21T13:51:11.561660+00:00/task_id=save_nhl_stats permission to 509
[2023-10-21T13:51:15.748+0000] {taskinstance.py:1159} INFO - Dependencies all met for dep_context=non-requeueable deps ti=<TaskInstance: nhl_stats_save.save_nhl_stats manual__2023-10-21T13:51:11.561660+00:00 [queued]>
[2023-10-21T13:51:15.765+0000] {taskinstance.py:1159} INFO - Dependencies all met for dep_context=requeueable deps ti=<TaskInstance: nhl_stats_save.save_nhl_stats manual__2023-10-21T13:51:11.561660+00:00 [queued]>
[2023-10-21T13:51:15.767+0000] {taskinstance.py:1361} INFO - Starting attempt 1 of 1
[2023-10-21T13:51:15.791+0000] {taskinstance.py:1382} INFO - Executing <Task(NhlStatsSaveOperator): save_nhl_stats> on 2023-10-21 13:51:11.561660+00:00
[2023-10-21T13:51:15.801+0000] {standard_task_runner.py:57} INFO - Started process 1214 to run task
[2023-10-21T13:51:15.805+0000] {standard_task_runner.py:84} INFO - Running: ['***', 'tasks', 'run', 'nhl_stats_save', 'save_nhl_stats', 'manual__2023-10-21T13:51:11.561660+00:00', '--job-id', '11', '--raw', '--subdir', 'DAGS_FOLDER/nhl_stats_save.py', '--cfg-path', '/tmp/tmpvu16ycdg']
[2023-10-21T13:51:15.809+0000] {standard_task_runner.py:85} INFO - Job 11: Subtask save_nhl_stats
[2023-10-21T13:51:15.830+0000] {warnings.py:109} WARNING - /home/***/.local/lib/python3.10/site-packages/***/settings.py:193: DeprecationWarning: The sql_alchemy_conn option in [core] has been moved to the sql_alchemy_conn option in [database] - the old setting has been used, but please update your config.
  SQL_ALCHEMY_CONN = conf.get("database", "SQL_ALCHEMY_CONN")

[2023-10-21T13:51:15.879+0000] {logging_mixin.py:151} INFO - Changing /opt/***/logs/dag_id=nhl_stats_save/run_id=manual__2023-10-21T13:51:11.561660+00:00/task_id=save_nhl_stats permission to 509
[2023-10-21T13:51:15.884+0000] {task_command.py:416} INFO - Running <TaskInstance: nhl_stats_save.save_nhl_stats manual__2023-10-21T13:51:11.561660+00:00 [running]> on host f4f5d56d4cc2
[2023-10-21T13:51:16.024+0000] {taskinstance.py:1662} INFO - Exporting env vars: AIRFLOW_CTX_DAG_OWNER='babintseva' AIRFLOW_CTX_DAG_ID='nhl_stats_save' AIRFLOW_CTX_TASK_ID='save_nhl_stats' AIRFLOW_CTX_EXECUTION_DATE='2023-10-21T13:51:11.561660+00:00' AIRFLOW_CTX_TRY_NUMBER='1' AIRFLOW_CTX_DAG_RUN_ID='manual__2023-10-21T13:51:11.561660+00:00'
[2023-10-21T13:51:17.025+0000] {logging_mixin.py:151} INFO - {'team_uid': UUID('1cb1e430-dbca-4a75-af65-833b9f0568cb'), 'uid': UUID('0ca89bea-7e79-4398-9373-5f5eef9b1083')}
[2023-10-21T13:51:17.028+0000] {logging_mixin.py:151} INFO - {'displayName': 'statsSingleSeason', 'gameType': {'id': 'R', 'description': 'Regular season', 'postseason': False}}
[2023-10-21T13:51:17.029+0000] {logging_mixin.py:151} INFO - {'team_uid': UUID('1cb1e430-dbca-4a75-af65-833b9f0568cb'), 'uid': UUID('8fb2ca4a-e426-4950-8a76-86441cc5f541')}
[2023-10-21T13:51:17.031+0000] {logging_mixin.py:151} INFO - {'displayName': 'regularSeasonStatRankings', 'gameType': None}
[2023-10-21T13:51:17.032+0000] {logging_mixin.py:151} INFO - Вставка team:[{'uid': UUID('1cb1e430-dbca-4a75-af65-833b9f0568cb'), 'id': 21}]
[2023-10-21T13:51:17.033+0000] {logging_mixin.py:151} INFO - Вставка stats:[{'team_uid': UUID('1cb1e430-dbca-4a75-af65-833b9f0568cb'), 'uid': UUID('0ca89bea-7e79-4398-9373-5f5eef9b1083'), 'displayName': 'statsSingleSeason', 'gameType': {'id': 'R', 'description': 'Regular season', 'postseason': False}}, {'team_uid': UUID('1cb1e430-dbca-4a75-af65-833b9f0568cb'), 'uid': UUID('8fb2ca4a-e426-4950-8a76-86441cc5f541'), 'displayName': 'regularSeasonStatRankings', 'gameType': None}]
[2023-10-21T13:51:17.035+0000] {logging_mixin.py:151} INFO - Вставка splits:[{'stat_uid': UUID('0ca89bea-7e79-4398-9373-5f5eef9b1083'), 'uid': UUID('fc281735-6ccf-49fc-a15f-c2d588c67d19'), 'gamesPlayed': 4, 'wins': 4, 'losses': 0, 'ot': 0, 'pts': 8, 'ptPctg': '100.0', 'goalsPerGame': 3.5, 'goalsAgainstPerGame': 1.0, 'evGGARatio': 1.75, 'powerPlayPercentage': '15.4', 'powerPlayGoals': 2.0, 'powerPlayGoalsAgainst': 0.0, 'powerPlayOpportunities': 13.0, 'penaltyKillPercentage': '100.0', 'shotsPerGame': 39.5, 'shotsAllowed': 28.25, 'winScoreFirst': 1.0, 'winOppScoreFirst': 1.0, 'winLeadFirstPer': 1.0, 'winLeadSecondPer': 1.0, 'winOutshootOpp': 1.0, 'winOutshotByOpp': 1.0, 'faceOffsTaken': 243.0, 'faceOffsWon': 112.0, 'faceOffsLost': 131.0, 'faceOffWinPercentage': '46.1', 'shootingPctg': 8.9, 'savePctg': 0.965}, {'stat_uid': UUID('8fb2ca4a-e426-4950-8a76-86441cc5f541'), 'uid': UUID('10c6ad85-b576-4753-8cc6-c0e12f9e222c'), 'wins': '2nd', 'losses': '2nd', 'ot': '12th', 'pts': '2nd', 'ptPctg': '2nd', 'goalsPerGame': '8th', 'goalsAgainstPerGame': '1st', 'evGGARatio': '6th', 'powerPlayPercentage': '21st', 'powerPlayGoals': '18th', 'powerPlayGoalsAgainst': '1st', 'powerPlayOpportunities': '20th', 'penaltyKillOpportunities': '23rd', 'penaltyKillPercentage': '1st', 'shotsPerGame': '1st', 'shotsAllowed': '10th', 'winScoreFirst': '4th', 'winOppScoreFirst': '2nd', 'winLeadFirstPer': '8th', 'winLeadSecondPer': '4th', 'winOutshootOpp': '7th', 'winOutshotByOpp': '7th', 'faceOffsTaken': '16th', 'faceOffsWon': '21st', 'faceOffsLost': '23rd', 'faceOffWinPercentage': '27th', 'savePctRank': '1st', 'shootingPctRank': '19th'}]
[2023-10-21T13:51:17.279+0000] {taskinstance.py:1400} INFO - Marking task as SUCCESS. dag_id=nhl_stats_save, task_id=save_nhl_stats, execution_date=20231021T135111, start_date=20231021T135115, end_date=20231021T135117
[2023-10-21T13:51:17.348+0000] {local_task_job_runner.py:228} INFO - Task exited with return code 0
[2023-10-21T13:51:17.391+0000] {taskinstance.py:2778} INFO - 0 downstream tasks scheduled from follow-on schedule check
