[2023-10-22T06:16:12.062+0000] {logging_mixin.py:151} INFO - Changing /opt/***/logs/dag_id=nhl_stats_save/run_id=manual__2023-10-22T06:16:08.499867+00:00/task_id=save_nhl_stats permission to 509
[2023-10-22T06:16:12.086+0000] {logging_mixin.py:151} INFO - Changing /opt/***/logs/dag_id=nhl_stats_save/run_id=manual__2023-10-22T06:16:08.499867+00:00/task_id=save_nhl_stats permission to 509
[2023-10-22T06:16:12.110+0000] {taskinstance.py:1159} INFO - Dependencies all met for dep_context=non-requeueable deps ti=<TaskInstance: nhl_stats_save.save_nhl_stats manual__2023-10-22T06:16:08.499867+00:00 [queued]>
[2023-10-22T06:16:12.117+0000] {taskinstance.py:1159} INFO - Dependencies all met for dep_context=requeueable deps ti=<TaskInstance: nhl_stats_save.save_nhl_stats manual__2023-10-22T06:16:08.499867+00:00 [queued]>
[2023-10-22T06:16:12.118+0000] {taskinstance.py:1361} INFO - Starting attempt 1 of 1
[2023-10-22T06:16:12.129+0000] {taskinstance.py:1382} INFO - Executing <Task(NhlStatsSaveOperator): save_nhl_stats> on 2023-10-22 06:16:08.499867+00:00
[2023-10-22T06:16:12.136+0000] {standard_task_runner.py:57} INFO - Started process 1117 to run task
[2023-10-22T06:16:12.138+0000] {standard_task_runner.py:84} INFO - Running: ['***', 'tasks', 'run', 'nhl_stats_save', 'save_nhl_stats', 'manual__2023-10-22T06:16:08.499867+00:00', '--job-id', '4', '--raw', '--subdir', 'DAGS_FOLDER/nhl_stats_save.py', '--cfg-path', '/tmp/tmpedj_kxei']
[2023-10-22T06:16:12.140+0000] {standard_task_runner.py:85} INFO - Job 4: Subtask save_nhl_stats
[2023-10-22T06:16:12.151+0000] {warnings.py:109} WARNING - /home/***/.local/lib/python3.10/site-packages/***/settings.py:193: DeprecationWarning: The sql_alchemy_conn option in [core] has been moved to the sql_alchemy_conn option in [database] - the old setting has been used, but please update your config.
  SQL_ALCHEMY_CONN = conf.get("database", "SQL_ALCHEMY_CONN")

[2023-10-22T06:16:12.175+0000] {logging_mixin.py:151} INFO - Changing /opt/***/logs/dag_id=nhl_stats_save/run_id=manual__2023-10-22T06:16:08.499867+00:00/task_id=save_nhl_stats permission to 509
[2023-10-22T06:16:12.178+0000] {task_command.py:416} INFO - Running <TaskInstance: nhl_stats_save.save_nhl_stats manual__2023-10-22T06:16:08.499867+00:00 [running]> on host 06f8d34233ae
[2023-10-22T06:16:12.237+0000] {taskinstance.py:1662} INFO - Exporting env vars: AIRFLOW_CTX_DAG_OWNER='babintseva' AIRFLOW_CTX_DAG_ID='nhl_stats_save' AIRFLOW_CTX_TASK_ID='save_nhl_stats' AIRFLOW_CTX_EXECUTION_DATE='2023-10-22T06:16:08.499867+00:00' AIRFLOW_CTX_TRY_NUMBER='1' AIRFLOW_CTX_DAG_RUN_ID='manual__2023-10-22T06:16:08.499867+00:00'
[2023-10-22T06:16:12.917+0000] {logging_mixin.py:151} INFO - --------
[2023-10-22T06:16:12.918+0000] {logging_mixin.py:151} INFO - {'gamesPlayed': 5, 'wins': 5, 'losses': 0, 'ot': 0, 'pts': 10, 'ptPctg': '100.0', 'goalsPerGame': 4.0, 'goalsAgainstPerGame': 1.6, 'evGGARatio': 1.2857, 'powerPlayPercentage': '27.8', 'powerPlayGoals': 5.0, 'powerPlayGoalsAgainst': 1.0, 'powerPlayOpportunities': 18.0, 'penaltyKillPercentage': '95.5', 'shotsPerGame': 37.2, 'shotsAllowed': 28.0, 'winScoreFirst': 1.0, 'winOppScoreFirst': 1.0, 'winLeadFirstPer': 1.0, 'winLeadSecondPer': 1.0, 'winOutshootOpp': 1.0, 'winOutshotByOpp': 1.0, 'faceOffsTaken': 305.0, 'faceOffsWon': 144.0, 'faceOffsLost': 161.0, 'faceOffWinPercentage': '47.2', 'shootingPctg': 10.8, 'savePctg': 0.943}
[2023-10-22T06:16:12.918+0000] {logging_mixin.py:151} INFO - --------
[2023-10-22T06:16:12.919+0000] {logging_mixin.py:151} INFO - {'wins': '2nd', 'losses': '2nd', 'ot': '16th', 'pts': '2nd', 'ptPctg': '2nd', 'goalsPerGame': '6th', 'goalsAgainstPerGame': '2nd', 'evGGARatio': '13th', 'powerPlayPercentage': '8th', 'powerPlayGoals': '10th', 'powerPlayGoalsAgainst': '2nd', 'powerPlayOpportunities': '14th', 'penaltyKillOpportunities': '28th', 'penaltyKillPercentage': '2nd', 'shotsPerGame': '2nd', 'shotsAllowed': '6th', 'winScoreFirst': '6th', 'winOppScoreFirst': '2nd', 'winLeadFirstPer': '8th', 'winLeadSecondPer': '3rd', 'winOutshootOpp': '5th', 'winOutshotByOpp': '5th', 'faceOffsTaken': '14th', 'faceOffsWon': '17th', 'faceOffsLost': '26th', 'faceOffWinPercentage': '24th', 'savePctRank': '2nd', 'shootingPctRank': '11th'}
[2023-10-22T06:16:12.919+0000] {logging_mixin.py:151} INFO - Вставка team:[{'uid': '99c84a7a-cd0b-4dad-8e79-3bb31de4d6c2', 'id': 21}]
[2023-10-22T06:16:12.919+0000] {logging_mixin.py:151} INFO - Вставка stats:[{'team_uid': '99c84a7a-cd0b-4dad-8e79-3bb31de4d6c2', 'uid': 'edce7d3d-4aa3-4a71-83bd-68596b0135c6', 'display_name': 'statsSingleSeason', 'game_type': {'id': 'R', 'description': 'Regular season', 'postseason': False}}, {'team_uid': '99c84a7a-cd0b-4dad-8e79-3bb31de4d6c2', 'uid': '33c037d8-6d03-4693-a8be-ba629681c4d9', 'display_name': 'regularSeasonStatRankings', 'game_type': None}]
[2023-10-22T06:16:12.920+0000] {logging_mixin.py:151} INFO - Вставка splits:[{'stat_uid': 'edce7d3d-4aa3-4a71-83bd-68596b0135c6', 'uid': 'def2e2de-e878-4ac9-a359-1cae406fbdbf', 'games_played': None, 'wins': None, 'losses': None, 'ot': None, 'pts': None, 'ptpctg': None, 'goals_pergame': None, 'goals_against_pergame': None, 'evgga_ratio': None, 'power_play_percentage': None, 'power_play_goals': None, 'power_play_goals_against': None, 'power_play_opportunities': None, 'penalty_kill_percentage': None, 'shots_pergame': None, 'shots_allowed': None, 'win_score_first': None, 'win_opp_score_first': None, 'win_lead_first_per': None, 'win_lead_second_per': None, 'win_out_shootopp': None, 'win_out_shotbyopp': None, 'face_offs_taken': None, 'face_offs_won': None, 'face_offs_lost': None, 'face_off_win_percentage': None, 'shooting_pctg': None, 'save_pctg': None, 'save_pct_rank': None, 'shooting_pct_rank': None}, {'stat_uid': '33c037d8-6d03-4693-a8be-ba629681c4d9', 'uid': '42abf940-4598-4979-b24e-4005b7eaa082', 'games_played': None, 'wins': None, 'losses': None, 'ot': None, 'pts': None, 'ptpctg': None, 'goals_pergame': None, 'goals_against_pergame': None, 'evgga_ratio': None, 'power_play_percentage': None, 'power_play_goals': None, 'power_play_goals_against': None, 'power_play_opportunities': None, 'penalty_kill_percentage': None, 'shots_pergame': None, 'shots_allowed': None, 'win_score_first': None, 'win_opp_score_first': None, 'win_lead_first_per': None, 'win_lead_second_per': None, 'win_out_shootopp': None, 'win_out_shotbyopp': None, 'face_offs_taken': None, 'face_offs_won': None, 'face_offs_lost': None, 'face_off_win_percentage': None, 'shooting_pctg': None, 'save_pctg': None, 'save_pct_rank': None, 'shooting_pct_rank': None}]
[2023-10-22T06:16:12.920+0000] {logging_mixin.py:151} INFO - postgresql+psycopg2://db_homework:db_homework@192.168.1.113:5434/db_homework
[2023-10-22T06:16:13.038+0000] {taskinstance.py:1400} INFO - Marking task as SUCCESS. dag_id=nhl_stats_save, task_id=save_nhl_stats, execution_date=20231022T061608, start_date=20231022T061612, end_date=20231022T061613
[2023-10-22T06:16:13.074+0000] {local_task_job_runner.py:228} INFO - Task exited with return code 0
[2023-10-22T06:16:13.090+0000] {taskinstance.py:2778} INFO - 0 downstream tasks scheduled from follow-on schedule check
