[2023-10-21T12:00:02.956+0000] {logging_mixin.py:151} INFO - Changing /opt/***/logs/dag_id=random_cannabis_save/run_id=scheduled__2023-10-21T00:00:00+00:00/task_id=get_random_cannabis permission to 509
[2023-10-21T12:00:02.992+0000] {logging_mixin.py:151} INFO - Changing /opt/***/logs/dag_id=random_cannabis_save/run_id=scheduled__2023-10-21T00:00:00+00:00/task_id=get_random_cannabis permission to 509
[2023-10-21T12:00:03.030+0000] {taskinstance.py:1159} INFO - Dependencies all met for dep_context=non-requeueable deps ti=<TaskInstance: random_cannabis_save.get_random_cannabis scheduled__2023-10-21T00:00:00+00:00 [queued]>
[2023-10-21T12:00:03.042+0000] {taskinstance.py:1159} INFO - Dependencies all met for dep_context=requeueable deps ti=<TaskInstance: random_cannabis_save.get_random_cannabis scheduled__2023-10-21T00:00:00+00:00 [queued]>
[2023-10-21T12:00:03.043+0000] {taskinstance.py:1361} INFO - Starting attempt 1 of 1
[2023-10-21T12:00:03.060+0000] {taskinstance.py:1382} INFO - Executing <Task(RandomCannabisOperator): get_random_cannabis> on 2023-10-21 00:00:00+00:00
[2023-10-21T12:00:03.069+0000] {standard_task_runner.py:57} INFO - Started process 157 to run task
[2023-10-21T12:00:03.072+0000] {standard_task_runner.py:84} INFO - Running: ['***', 'tasks', 'run', 'random_cannabis_save', 'get_random_cannabis', 'scheduled__2023-10-21T00:00:00+00:00', '--job-id', '12', '--raw', '--subdir', 'DAGS_FOLDER/random_cannabis_save.py', '--cfg-path', '/tmp/tmp_t_4d83p']
[2023-10-21T12:00:03.074+0000] {standard_task_runner.py:85} INFO - Job 12: Subtask get_random_cannabis
[2023-10-21T12:00:03.091+0000] {warnings.py:109} WARNING - /home/***/.local/lib/python3.10/site-packages/***/settings.py:193: DeprecationWarning: The sql_alchemy_conn option in [core] has been moved to the sql_alchemy_conn option in [database] - the old setting has been used, but please update your config.
  SQL_ALCHEMY_CONN = conf.get("database", "SQL_ALCHEMY_CONN")

[2023-10-21T12:00:03.135+0000] {logging_mixin.py:151} INFO - Changing /opt/***/logs/dag_id=random_cannabis_save/run_id=scheduled__2023-10-21T00:00:00+00:00/task_id=get_random_cannabis permission to 509
[2023-10-21T12:00:03.139+0000] {task_command.py:416} INFO - Running <TaskInstance: random_cannabis_save.get_random_cannabis scheduled__2023-10-21T00:00:00+00:00 [running]> on host 57c791ecb3ac
[2023-10-21T12:00:03.234+0000] {taskinstance.py:1662} INFO - Exporting env vars: AIRFLOW_CTX_DAG_OWNER='babintseva' AIRFLOW_CTX_DAG_ID='random_cannabis_save' AIRFLOW_CTX_TASK_ID='get_random_cannabis' AIRFLOW_CTX_EXECUTION_DATE='2023-10-21T00:00:00+00:00' AIRFLOW_CTX_TRY_NUMBER='1' AIRFLOW_CTX_DAG_RUN_ID='scheduled__2023-10-21T00:00:00+00:00'
[2023-10-21T12:00:04.533+0000] {base.py:73} INFO - Using connection ID 'conn_pg' for task execution.
[2023-10-21T12:00:04.536+0000] {logging_mixin.py:151} INFO - postgresql://***:***@192.168.1.113:5434/***?__extra__=%7B%7D
[2023-10-21T12:00:04.754+0000] {taskinstance.py:1400} INFO - Marking task as SUCCESS. dag_id=random_cannabis_save, task_id=get_random_cannabis, execution_date=20231021T000000, start_date=20231021T120003, end_date=20231021T120004
[2023-10-21T12:00:04.812+0000] {local_task_job_runner.py:228} INFO - Task exited with return code 0
[2023-10-21T12:00:04.835+0000] {taskinstance.py:2778} INFO - 0 downstream tasks scheduled from follow-on schedule check
[2023-10-21T12:32:19.435+0000] {logging_mixin.py:151} INFO - Changing /opt/***/logs/dag_id=random_cannabis_save/run_id=scheduled__2023-10-21T00:00:00+00:00/task_id=get_random_cannabis permission to 509
[2023-10-21T12:32:19.479+0000] {logging_mixin.py:151} INFO - Changing /opt/***/logs/dag_id=random_cannabis_save/run_id=scheduled__2023-10-21T00:00:00+00:00/task_id=get_random_cannabis permission to 509
[2023-10-21T12:32:19.523+0000] {taskinstance.py:1159} INFO - Dependencies all met for dep_context=non-requeueable deps ti=<TaskInstance: random_cannabis_save.get_random_cannabis scheduled__2023-10-21T00:00:00+00:00 [queued]>
[2023-10-21T12:32:19.538+0000] {taskinstance.py:1159} INFO - Dependencies all met for dep_context=requeueable deps ti=<TaskInstance: random_cannabis_save.get_random_cannabis scheduled__2023-10-21T00:00:00+00:00 [queued]>
[2023-10-21T12:32:19.539+0000] {taskinstance.py:1361} INFO - Starting attempt 1 of 1
[2023-10-21T12:32:19.569+0000] {taskinstance.py:1382} INFO - Executing <Task(RandomCannabisOperator): get_random_cannabis> on 2023-10-21 00:00:00+00:00
[2023-10-21T12:32:19.579+0000] {standard_task_runner.py:57} INFO - Started process 333 to run task
[2023-10-21T12:32:19.582+0000] {standard_task_runner.py:84} INFO - Running: ['***', 'tasks', 'run', 'random_cannabis_save', 'get_random_cannabis', 'scheduled__2023-10-21T00:00:00+00:00', '--job-id', '2', '--raw', '--subdir', 'DAGS_FOLDER/random_cannabis_save.py', '--cfg-path', '/tmp/tmp9pb4_1f6']
[2023-10-21T12:32:19.584+0000] {standard_task_runner.py:85} INFO - Job 2: Subtask get_random_cannabis
[2023-10-21T12:32:19.601+0000] {warnings.py:109} WARNING - /home/***/.local/lib/python3.10/site-packages/***/settings.py:193: DeprecationWarning: The sql_alchemy_conn option in [core] has been moved to the sql_alchemy_conn option in [database] - the old setting has been used, but please update your config.
  SQL_ALCHEMY_CONN = conf.get("database", "SQL_ALCHEMY_CONN")

[2023-10-21T12:32:19.650+0000] {logging_mixin.py:151} INFO - Changing /opt/***/logs/dag_id=random_cannabis_save/run_id=scheduled__2023-10-21T00:00:00+00:00/task_id=get_random_cannabis permission to 509
[2023-10-21T12:32:19.655+0000] {task_command.py:416} INFO - Running <TaskInstance: random_cannabis_save.get_random_cannabis scheduled__2023-10-21T00:00:00+00:00 [running]> on host 5ee96b11c60c
[2023-10-21T12:32:19.750+0000] {taskinstance.py:1662} INFO - Exporting env vars: AIRFLOW_CTX_DAG_OWNER='babintseva' AIRFLOW_CTX_DAG_ID='random_cannabis_save' AIRFLOW_CTX_TASK_ID='get_random_cannabis' AIRFLOW_CTX_EXECUTION_DATE='2023-10-21T00:00:00+00:00' AIRFLOW_CTX_TRY_NUMBER='1' AIRFLOW_CTX_DAG_RUN_ID='scheduled__2023-10-21T00:00:00+00:00'
[2023-10-21T12:32:21.188+0000] {taskinstance.py:1400} INFO - Marking task as SUCCESS. dag_id=random_cannabis_save, task_id=get_random_cannabis, execution_date=20231021T000000, start_date=20231021T123219, end_date=20231021T123221
[2023-10-21T12:32:21.243+0000] {local_task_job_runner.py:228} INFO - Task exited with return code 0
[2023-10-21T12:32:21.268+0000] {taskinstance.py:2778} INFO - 0 downstream tasks scheduled from follow-on schedule check
[2023-10-21T13:13:08.463+0000] {logging_mixin.py:151} INFO - Changing /opt/***/logs/dag_id=random_cannabis_save/run_id=scheduled__2023-10-21T00:00:00+00:00/task_id=get_random_cannabis permission to 509
[2023-10-21T13:13:08.508+0000] {logging_mixin.py:151} INFO - Changing /opt/***/logs/dag_id=random_cannabis_save/run_id=scheduled__2023-10-21T00:00:00+00:00/task_id=get_random_cannabis permission to 509
[2023-10-21T13:13:08.549+0000] {taskinstance.py:1159} INFO - Dependencies all met for dep_context=non-requeueable deps ti=<TaskInstance: random_cannabis_save.get_random_cannabis scheduled__2023-10-21T00:00:00+00:00 [queued]>
[2023-10-21T13:13:08.562+0000] {taskinstance.py:1159} INFO - Dependencies all met for dep_context=requeueable deps ti=<TaskInstance: random_cannabis_save.get_random_cannabis scheduled__2023-10-21T00:00:00+00:00 [queued]>
[2023-10-21T13:13:08.563+0000] {taskinstance.py:1361} INFO - Starting attempt 1 of 1
[2023-10-21T13:13:08.582+0000] {taskinstance.py:1382} INFO - Executing <Task(RandomCannabisOperator): get_random_cannabis> on 2023-10-21 00:00:00+00:00
[2023-10-21T13:13:08.591+0000] {standard_task_runner.py:57} INFO - Started process 519 to run task
[2023-10-21T13:13:08.595+0000] {standard_task_runner.py:84} INFO - Running: ['***', 'tasks', 'run', 'random_cannabis_save', 'get_random_cannabis', 'scheduled__2023-10-21T00:00:00+00:00', '--job-id', '2', '--raw', '--subdir', 'DAGS_FOLDER/random_cannabis_save.py', '--cfg-path', '/tmp/tmpyfl1ongm']
[2023-10-21T13:13:08.596+0000] {standard_task_runner.py:85} INFO - Job 2: Subtask get_random_cannabis
[2023-10-21T13:13:08.615+0000] {warnings.py:109} WARNING - /home/***/.local/lib/python3.10/site-packages/***/settings.py:193: DeprecationWarning: The sql_alchemy_conn option in [core] has been moved to the sql_alchemy_conn option in [database] - the old setting has been used, but please update your config.
  SQL_ALCHEMY_CONN = conf.get("database", "SQL_ALCHEMY_CONN")

[2023-10-21T13:13:08.669+0000] {logging_mixin.py:151} INFO - Changing /opt/***/logs/dag_id=random_cannabis_save/run_id=scheduled__2023-10-21T00:00:00+00:00/task_id=get_random_cannabis permission to 509
[2023-10-21T13:13:08.673+0000] {task_command.py:416} INFO - Running <TaskInstance: random_cannabis_save.get_random_cannabis scheduled__2023-10-21T00:00:00+00:00 [running]> on host 1f140aca055e
[2023-10-21T13:13:08.788+0000] {taskinstance.py:1662} INFO - Exporting env vars: AIRFLOW_CTX_DAG_OWNER='babintseva' AIRFLOW_CTX_DAG_ID='random_cannabis_save' AIRFLOW_CTX_TASK_ID='get_random_cannabis' AIRFLOW_CTX_EXECUTION_DATE='2023-10-21T00:00:00+00:00' AIRFLOW_CTX_TRY_NUMBER='1' AIRFLOW_CTX_DAG_RUN_ID='scheduled__2023-10-21T00:00:00+00:00'
[2023-10-21T13:13:09.966+0000] {taskinstance.py:1400} INFO - Marking task as SUCCESS. dag_id=random_cannabis_save, task_id=get_random_cannabis, execution_date=20231021T000000, start_date=20231021T131308, end_date=20231021T131309
[2023-10-21T13:13:10.013+0000] {local_task_job_runner.py:228} INFO - Task exited with return code 0
[2023-10-21T13:13:10.037+0000] {taskinstance.py:2778} INFO - 0 downstream tasks scheduled from follow-on schedule check
[2023-10-21T13:17:51.299+0000] {logging_mixin.py:151} INFO - Changing /opt/***/logs/dag_id=random_cannabis_save/run_id=scheduled__2023-10-21T00:00:00+00:00/task_id=get_random_cannabis permission to 509
[2023-10-21T13:17:51.360+0000] {logging_mixin.py:151} INFO - Changing /opt/***/logs/dag_id=random_cannabis_save/run_id=scheduled__2023-10-21T00:00:00+00:00/task_id=get_random_cannabis permission to 509
[2023-10-21T13:17:51.429+0000] {taskinstance.py:1159} INFO - Dependencies all met for dep_context=non-requeueable deps ti=<TaskInstance: random_cannabis_save.get_random_cannabis scheduled__2023-10-21T00:00:00+00:00 [queued]>
[2023-10-21T13:17:51.450+0000] {taskinstance.py:1159} INFO - Dependencies all met for dep_context=requeueable deps ti=<TaskInstance: random_cannabis_save.get_random_cannabis scheduled__2023-10-21T00:00:00+00:00 [queued]>
[2023-10-21T13:17:51.451+0000] {taskinstance.py:1361} INFO - Starting attempt 1 of 1
[2023-10-21T13:17:51.480+0000] {taskinstance.py:1382} INFO - Executing <Task(RandomCannabisOperator): get_random_cannabis> on 2023-10-21 00:00:00+00:00
[2023-10-21T13:17:51.492+0000] {standard_task_runner.py:57} INFO - Started process 135 to run task
[2023-10-21T13:17:51.497+0000] {standard_task_runner.py:84} INFO - Running: ['***', 'tasks', 'run', 'random_cannabis_save', 'get_random_cannabis', 'scheduled__2023-10-21T00:00:00+00:00', '--job-id', '5', '--raw', '--subdir', 'DAGS_FOLDER/random_cannabis_save.py', '--cfg-path', '/tmp/tmprt49_533']
[2023-10-21T13:17:51.500+0000] {standard_task_runner.py:85} INFO - Job 5: Subtask get_random_cannabis
[2023-10-21T13:17:51.527+0000] {warnings.py:109} WARNING - /home/***/.local/lib/python3.10/site-packages/***/settings.py:193: DeprecationWarning: The sql_alchemy_conn option in [core] has been moved to the sql_alchemy_conn option in [database] - the old setting has been used, but please update your config.
  SQL_ALCHEMY_CONN = conf.get("database", "SQL_ALCHEMY_CONN")

[2023-10-21T13:17:51.594+0000] {logging_mixin.py:151} INFO - Changing /opt/***/logs/dag_id=random_cannabis_save/run_id=scheduled__2023-10-21T00:00:00+00:00/task_id=get_random_cannabis permission to 509
[2023-10-21T13:17:51.599+0000] {task_command.py:416} INFO - Running <TaskInstance: random_cannabis_save.get_random_cannabis scheduled__2023-10-21T00:00:00+00:00 [running]> on host f4f5d56d4cc2
[2023-10-21T13:17:51.728+0000] {taskinstance.py:1662} INFO - Exporting env vars: AIRFLOW_CTX_DAG_OWNER='babintseva' AIRFLOW_CTX_DAG_ID='random_cannabis_save' AIRFLOW_CTX_TASK_ID='get_random_cannabis' AIRFLOW_CTX_EXECUTION_DATE='2023-10-21T00:00:00+00:00' AIRFLOW_CTX_TRY_NUMBER='1' AIRFLOW_CTX_DAG_RUN_ID='scheduled__2023-10-21T00:00:00+00:00'
[2023-10-21T13:17:52.740+0000] {logging_mixin.py:151} INFO - -------
[2023-10-21T13:17:52.741+0000] {logging_mixin.py:151} INFO - postgresql+psycopg2://db_homework:db_homework@192.168.1.113:5434/db_homework
[2023-10-21T13:17:52.742+0000] {logging_mixin.py:151} INFO - -------
[2023-10-21T13:17:52.960+0000] {taskinstance.py:1400} INFO - Marking task as SUCCESS. dag_id=random_cannabis_save, task_id=get_random_cannabis, execution_date=20231021T000000, start_date=20231021T131751, end_date=20231021T131752
[2023-10-21T13:17:52.996+0000] {local_task_job_runner.py:228} INFO - Task exited with return code 0
[2023-10-21T13:17:53.020+0000] {taskinstance.py:2778} INFO - 0 downstream tasks scheduled from follow-on schedule check
