[2023-10-22T04:45:40.337+0000] {logging_mixin.py:151} INFO - Changing /opt/***/logs/dag_id=nhl_stats_save/run_id=manual__2023-10-22T04:45:37.925594+00:00/task_id=save_nhl_stats permission to 509
[2023-10-22T04:45:40.388+0000] {logging_mixin.py:151} INFO - Changing /opt/***/logs/dag_id=nhl_stats_save/run_id=manual__2023-10-22T04:45:37.925594+00:00/task_id=save_nhl_stats permission to 509
[2023-10-22T04:45:40.411+0000] {taskinstance.py:1159} INFO - Dependencies all met for dep_context=non-requeueable deps ti=<TaskInstance: nhl_stats_save.save_nhl_stats manual__2023-10-22T04:45:37.925594+00:00 [queued]>
[2023-10-22T04:45:40.417+0000] {taskinstance.py:1159} INFO - Dependencies all met for dep_context=requeueable deps ti=<TaskInstance: nhl_stats_save.save_nhl_stats manual__2023-10-22T04:45:37.925594+00:00 [queued]>
[2023-10-22T04:45:40.418+0000] {taskinstance.py:1361} INFO - Starting attempt 1 of 1
[2023-10-22T04:45:40.429+0000] {taskinstance.py:1382} INFO - Executing <Task(NhlStatsSaveOperator): save_nhl_stats> on 2023-10-22 04:45:37.925594+00:00
[2023-10-22T04:45:40.436+0000] {standard_task_runner.py:57} INFO - Started process 8316 to run task
[2023-10-22T04:45:40.438+0000] {standard_task_runner.py:84} INFO - Running: ['***', 'tasks', 'run', 'nhl_stats_save', 'save_nhl_stats', 'manual__2023-10-22T04:45:37.925594+00:00', '--job-id', '7', '--raw', '--subdir', 'DAGS_FOLDER/nhl_stats_save.py', '--cfg-path', '/tmp/tmp8frob0fb']
[2023-10-22T04:45:40.439+0000] {standard_task_runner.py:85} INFO - Job 7: Subtask save_nhl_stats
[2023-10-22T04:45:40.449+0000] {warnings.py:109} WARNING - /home/***/.local/lib/python3.10/site-packages/***/settings.py:193: DeprecationWarning: The sql_alchemy_conn option in [core] has been moved to the sql_alchemy_conn option in [database] - the old setting has been used, but please update your config.
  SQL_ALCHEMY_CONN = conf.get("database", "SQL_ALCHEMY_CONN")

[2023-10-22T04:45:40.473+0000] {logging_mixin.py:151} INFO - Changing /opt/***/logs/dag_id=nhl_stats_save/run_id=manual__2023-10-22T04:45:37.925594+00:00/task_id=save_nhl_stats permission to 509
[2023-10-22T04:45:40.475+0000] {task_command.py:416} INFO - Running <TaskInstance: nhl_stats_save.save_nhl_stats manual__2023-10-22T04:45:37.925594+00:00 [running]> on host 9b9e466d03cf
[2023-10-22T04:45:40.534+0000] {taskinstance.py:1662} INFO - Exporting env vars: AIRFLOW_CTX_DAG_OWNER='babintseva' AIRFLOW_CTX_DAG_ID='nhl_stats_save' AIRFLOW_CTX_TASK_ID='save_nhl_stats' AIRFLOW_CTX_EXECUTION_DATE='2023-10-22T04:45:37.925594+00:00' AIRFLOW_CTX_TRY_NUMBER='1' AIRFLOW_CTX_DAG_RUN_ID='manual__2023-10-22T04:45:37.925594+00:00'
[2023-10-22T04:45:41.126+0000] {logging_mixin.py:151} INFO - {'team_uid': '2caebff3-cb82-4166-a574-cf0b4e1624ba', 'uid': 'f4510703-5b2b-4362-af41-9caf340c5deb'}
[2023-10-22T04:45:41.127+0000] {logging_mixin.py:151} INFO - {'displayName': 'statsSingleSeason', 'gameType': {'id': 'R', 'description': 'Regular season', 'postseason': False}}
[2023-10-22T04:45:41.128+0000] {logging_mixin.py:151} INFO - {'team_uid': '2caebff3-cb82-4166-a574-cf0b4e1624ba', 'uid': '9031e00b-a631-4366-af50-89894da571ff'}
[2023-10-22T04:45:41.128+0000] {logging_mixin.py:151} INFO - {'displayName': 'regularSeasonStatRankings', 'gameType': None}
[2023-10-22T04:45:41.129+0000] {taskinstance.py:1937} ERROR - Task failed with exception
Traceback (most recent call last):
  File "/opt/airflow/plugins/nhl_stats_save_operator.py", line 89, in execute
    self.save_data(data)
  File "/opt/airflow/plugins/nhl_stats_save_operator.py", line 46, in save_data
    (team, stats, splits) = self.parse_data(df)
  File "/opt/airflow/plugins/nhl_stats_save_operator.py", line 39, in parse_data
    team.columns = team.columns.str.lower()
AttributeError: 'list' object has no attribute 'columns'
[2023-10-22T04:45:41.136+0000] {taskinstance.py:1400} INFO - Marking task as FAILED. dag_id=nhl_stats_save, task_id=save_nhl_stats, execution_date=20231022T044537, start_date=20231022T044540, end_date=20231022T044541
[2023-10-22T04:45:41.147+0000] {standard_task_runner.py:104} ERROR - Failed to execute job 7 for task save_nhl_stats ('list' object has no attribute 'columns'; 8316)
[2023-10-22T04:45:41.173+0000] {local_task_job_runner.py:228} INFO - Task exited with return code 1
[2023-10-22T04:45:41.191+0000] {taskinstance.py:2778} INFO - 0 downstream tasks scheduled from follow-on schedule check
