[2023-10-21T13:47:19.401+0000] {logging_mixin.py:151} INFO - Changing /opt/***/logs/dag_id=nhl_stats_save/run_id=scheduled__2023-10-21T00:00:00+00:00/task_id=save_nhl_stats permission to 509
[2023-10-21T13:47:19.453+0000] {logging_mixin.py:151} INFO - Changing /opt/***/logs/dag_id=nhl_stats_save/run_id=scheduled__2023-10-21T00:00:00+00:00/task_id=save_nhl_stats permission to 509
[2023-10-21T13:47:19.506+0000] {taskinstance.py:1159} INFO - Dependencies all met for dep_context=non-requeueable deps ti=<TaskInstance: nhl_stats_save.save_nhl_stats scheduled__2023-10-21T00:00:00+00:00 [queued]>
[2023-10-21T13:47:19.522+0000] {taskinstance.py:1159} INFO - Dependencies all met for dep_context=requeueable deps ti=<TaskInstance: nhl_stats_save.save_nhl_stats scheduled__2023-10-21T00:00:00+00:00 [queued]>
[2023-10-21T13:47:19.524+0000] {taskinstance.py:1361} INFO - Starting attempt 1 of 1
[2023-10-21T13:47:19.552+0000] {taskinstance.py:1382} INFO - Executing <Task(NhlStatsSaveOperator): save_nhl_stats> on 2023-10-21 00:00:00+00:00
[2023-10-21T13:47:19.565+0000] {standard_task_runner.py:57} INFO - Started process 1085 to run task
[2023-10-21T13:47:19.569+0000] {standard_task_runner.py:84} INFO - Running: ['***', 'tasks', 'run', 'nhl_stats_save', 'save_nhl_stats', 'scheduled__2023-10-21T00:00:00+00:00', '--job-id', '8', '--raw', '--subdir', 'DAGS_FOLDER/nhl_stats_save.py', '--cfg-path', '/tmp/tmpp5oxi39f']
[2023-10-21T13:47:19.571+0000] {standard_task_runner.py:85} INFO - Job 8: Subtask save_nhl_stats
[2023-10-21T13:47:19.592+0000] {warnings.py:109} WARNING - /home/***/.local/lib/python3.10/site-packages/***/settings.py:193: DeprecationWarning: The sql_alchemy_conn option in [core] has been moved to the sql_alchemy_conn option in [database] - the old setting has been used, but please update your config.
  SQL_ALCHEMY_CONN = conf.get("database", "SQL_ALCHEMY_CONN")

[2023-10-21T13:47:19.650+0000] {logging_mixin.py:151} INFO - Changing /opt/***/logs/dag_id=nhl_stats_save/run_id=scheduled__2023-10-21T00:00:00+00:00/task_id=save_nhl_stats permission to 509
[2023-10-21T13:47:19.655+0000] {task_command.py:416} INFO - Running <TaskInstance: nhl_stats_save.save_nhl_stats scheduled__2023-10-21T00:00:00+00:00 [running]> on host f4f5d56d4cc2
[2023-10-21T13:47:19.790+0000] {taskinstance.py:1662} INFO - Exporting env vars: AIRFLOW_CTX_DAG_OWNER='babintseva' AIRFLOW_CTX_DAG_ID='nhl_stats_save' AIRFLOW_CTX_TASK_ID='save_nhl_stats' AIRFLOW_CTX_EXECUTION_DATE='2023-10-21T00:00:00+00:00' AIRFLOW_CTX_TRY_NUMBER='1' AIRFLOW_CTX_DAG_RUN_ID='scheduled__2023-10-21T00:00:00+00:00'
[2023-10-21T13:47:20.862+0000] {logging_mixin.py:151} INFO - {'team_uid': UUID('5cceced7-9cc6-4a4d-9c63-11f5cff2cbfe'), 'uid': UUID('a76e44ed-2369-4bf5-8f06-2bd03554bad2'), 'load_date': datetime.datetime(2023, 10, 21, 13, 47, 20, 862059)}
[2023-10-21T13:47:20.863+0000] {logging_mixin.py:151} INFO - {'displayName': 'statsSingleSeason', 'gameType': {'id': 'R', 'description': 'Regular season', 'postseason': False}}
[2023-10-21T13:47:20.864+0000] {logging_mixin.py:151} INFO - {'team_uid': UUID('5cceced7-9cc6-4a4d-9c63-11f5cff2cbfe'), 'uid': UUID('b6c04af4-b42c-4aff-91ee-0035124fec2c'), 'load_date': datetime.datetime(2023, 10, 21, 13, 47, 20, 862059)}
[2023-10-21T13:47:20.865+0000] {logging_mixin.py:151} INFO - {'displayName': 'regularSeasonStatRankings', 'gameType': None}
[2023-10-21T13:47:20.866+0000] {logging_mixin.py:151} INFO - Вставка team:[{'uid': UUID('5cceced7-9cc6-4a4d-9c63-11f5cff2cbfe'), 'id': 21, 'load_date': datetime.datetime(2023, 10, 21, 13, 47, 20, 862059)}]
[2023-10-21T13:47:20.867+0000] {logging_mixin.py:151} INFO - Вставка stats:[{'team_uid': UUID('5cceced7-9cc6-4a4d-9c63-11f5cff2cbfe'), 'uid': UUID('a76e44ed-2369-4bf5-8f06-2bd03554bad2'), 'load_date': datetime.datetime(2023, 10, 21, 13, 47, 20, 862059), 'displayName': 'statsSingleSeason', 'gameType': {'id': 'R', 'description': 'Regular season', 'postseason': False}}, {'team_uid': UUID('5cceced7-9cc6-4a4d-9c63-11f5cff2cbfe'), 'uid': UUID('b6c04af4-b42c-4aff-91ee-0035124fec2c'), 'load_date': datetime.datetime(2023, 10, 21, 13, 47, 20, 862059), 'displayName': 'regularSeasonStatRankings', 'gameType': None}]
[2023-10-21T13:47:20.869+0000] {logging_mixin.py:151} INFO - Вставка splits:[{'stat_uid': UUID('a76e44ed-2369-4bf5-8f06-2bd03554bad2'), 'uid': UUID('e763d0f6-7796-4861-857c-2f4f9a7bb3e0'), 'load_date': datetime.datetime(2023, 10, 21, 13, 47, 20, 862059), 'gamesPlayed': 4, 'wins': 4, 'losses': 0, 'ot': 0, 'pts': 8, 'ptPctg': '100.0', 'goalsPerGame': 3.5, 'goalsAgainstPerGame': 1.0, 'evGGARatio': 1.75, 'powerPlayPercentage': '15.4', 'powerPlayGoals': 2.0, 'powerPlayGoalsAgainst': 0.0, 'powerPlayOpportunities': 13.0, 'penaltyKillPercentage': '100.0', 'shotsPerGame': 39.5, 'shotsAllowed': 28.25, 'winScoreFirst': 1.0, 'winOppScoreFirst': 1.0, 'winLeadFirstPer': 1.0, 'winLeadSecondPer': 1.0, 'winOutshootOpp': 1.0, 'winOutshotByOpp': 1.0, 'faceOffsTaken': 243.0, 'faceOffsWon': 112.0, 'faceOffsLost': 131.0, 'faceOffWinPercentage': '46.1', 'shootingPctg': 8.9, 'savePctg': 0.965}, {'stat_uid': UUID('b6c04af4-b42c-4aff-91ee-0035124fec2c'), 'uid': UUID('5da62b25-ae83-4a9a-b48d-556bfdc0f3d7'), 'load_date': datetime.datetime(2023, 10, 21, 13, 47, 20, 862059), 'wins': '2nd', 'losses': '2nd', 'ot': '12th', 'pts': '2nd', 'ptPctg': '2nd', 'goalsPerGame': '8th', 'goalsAgainstPerGame': '1st', 'evGGARatio': '6th', 'powerPlayPercentage': '21st', 'powerPlayGoals': '18th', 'powerPlayGoalsAgainst': '1st', 'powerPlayOpportunities': '20th', 'penaltyKillOpportunities': '23rd', 'penaltyKillPercentage': '1st', 'shotsPerGame': '1st', 'shotsAllowed': '10th', 'winScoreFirst': '4th', 'winOppScoreFirst': '2nd', 'winLeadFirstPer': '8th', 'winLeadSecondPer': '4th', 'winOutshootOpp': '7th', 'winOutshotByOpp': '7th', 'faceOffsTaken': '16th', 'faceOffsWon': '21st', 'faceOffsLost': '23rd', 'faceOffWinPercentage': '27th', 'savePctRank': '1st', 'shootingPctRank': '19th'}]
[2023-10-21T13:47:20.937+0000] {taskinstance.py:1400} INFO - Marking task as SUCCESS. dag_id=nhl_stats_save, task_id=save_nhl_stats, execution_date=20231021T000000, start_date=20231021T134719, end_date=20231021T134720
[2023-10-21T13:47:20.989+0000] {local_task_job_runner.py:228} INFO - Task exited with return code 0
[2023-10-21T13:47:21.022+0000] {taskinstance.py:2778} INFO - 0 downstream tasks scheduled from follow-on schedule check
[2023-10-21T13:52:05.233+0000] {logging_mixin.py:151} INFO - Changing /opt/***/logs/dag_id=nhl_stats_save/run_id=scheduled__2023-10-21T00:00:00+00:00/task_id=save_nhl_stats permission to 509
[2023-10-21T13:52:05.279+0000] {logging_mixin.py:151} INFO - Changing /opt/***/logs/dag_id=nhl_stats_save/run_id=scheduled__2023-10-21T00:00:00+00:00/task_id=save_nhl_stats permission to 509
[2023-10-21T13:52:05.332+0000] {taskinstance.py:1159} INFO - Dependencies all met for dep_context=non-requeueable deps ti=<TaskInstance: nhl_stats_save.save_nhl_stats scheduled__2023-10-21T00:00:00+00:00 [queued]>
[2023-10-21T13:52:05.347+0000] {taskinstance.py:1159} INFO - Dependencies all met for dep_context=requeueable deps ti=<TaskInstance: nhl_stats_save.save_nhl_stats scheduled__2023-10-21T00:00:00+00:00 [queued]>
[2023-10-21T13:52:05.349+0000] {taskinstance.py:1361} INFO - Starting attempt 1 of 1
[2023-10-21T13:52:05.372+0000] {taskinstance.py:1382} INFO - Executing <Task(NhlStatsSaveOperator): save_nhl_stats> on 2023-10-21 00:00:00+00:00
[2023-10-21T13:52:05.382+0000] {standard_task_runner.py:57} INFO - Started process 1238 to run task
[2023-10-21T13:52:05.386+0000] {standard_task_runner.py:84} INFO - Running: ['***', 'tasks', 'run', 'nhl_stats_save', 'save_nhl_stats', 'scheduled__2023-10-21T00:00:00+00:00', '--job-id', '12', '--raw', '--subdir', 'DAGS_FOLDER/nhl_stats_save.py', '--cfg-path', '/tmp/tmpv4q83hc7']
[2023-10-21T13:52:05.388+0000] {standard_task_runner.py:85} INFO - Job 12: Subtask save_nhl_stats
[2023-10-21T13:52:05.408+0000] {warnings.py:109} WARNING - /home/***/.local/lib/python3.10/site-packages/***/settings.py:193: DeprecationWarning: The sql_alchemy_conn option in [core] has been moved to the sql_alchemy_conn option in [database] - the old setting has been used, but please update your config.
  SQL_ALCHEMY_CONN = conf.get("database", "SQL_ALCHEMY_CONN")

[2023-10-21T13:52:05.462+0000] {logging_mixin.py:151} INFO - Changing /opt/***/logs/dag_id=nhl_stats_save/run_id=scheduled__2023-10-21T00:00:00+00:00/task_id=save_nhl_stats permission to 509
[2023-10-21T13:52:05.468+0000] {task_command.py:416} INFO - Running <TaskInstance: nhl_stats_save.save_nhl_stats scheduled__2023-10-21T00:00:00+00:00 [running]> on host f4f5d56d4cc2
[2023-10-21T13:52:05.587+0000] {taskinstance.py:1662} INFO - Exporting env vars: AIRFLOW_CTX_DAG_OWNER='babintseva' AIRFLOW_CTX_DAG_ID='nhl_stats_save' AIRFLOW_CTX_TASK_ID='save_nhl_stats' AIRFLOW_CTX_EXECUTION_DATE='2023-10-21T00:00:00+00:00' AIRFLOW_CTX_TRY_NUMBER='1' AIRFLOW_CTX_DAG_RUN_ID='scheduled__2023-10-21T00:00:00+00:00'
[2023-10-21T13:52:06.756+0000] {logging_mixin.py:151} INFO - {'team_uid': UUID('3a7daaab-b846-4fc5-99f7-79aad56694fd'), 'uid': UUID('40da9d69-722d-45ff-b6d4-68fbb623855a')}
[2023-10-21T13:52:06.758+0000] {logging_mixin.py:151} INFO - {'displayName': 'statsSingleSeason', 'gameType': {'id': 'R', 'description': 'Regular season', 'postseason': False}}
[2023-10-21T13:52:06.759+0000] {logging_mixin.py:151} INFO - {'team_uid': UUID('3a7daaab-b846-4fc5-99f7-79aad56694fd'), 'uid': UUID('562a6352-9644-4fdd-b5ae-ef405ec479ec')}
[2023-10-21T13:52:06.760+0000] {logging_mixin.py:151} INFO - {'displayName': 'regularSeasonStatRankings', 'gameType': None}
[2023-10-21T13:52:06.761+0000] {logging_mixin.py:151} INFO - Вставка team:[{'uid': UUID('3a7daaab-b846-4fc5-99f7-79aad56694fd'), 'id': 21}]
[2023-10-21T13:52:06.762+0000] {logging_mixin.py:151} INFO - Вставка stats:[{'team_uid': UUID('3a7daaab-b846-4fc5-99f7-79aad56694fd'), 'uid': UUID('40da9d69-722d-45ff-b6d4-68fbb623855a'), 'displayName': 'statsSingleSeason', 'gameType': {'id': 'R', 'description': 'Regular season', 'postseason': False}}, {'team_uid': UUID('3a7daaab-b846-4fc5-99f7-79aad56694fd'), 'uid': UUID('562a6352-9644-4fdd-b5ae-ef405ec479ec'), 'displayName': 'regularSeasonStatRankings', 'gameType': None}]
[2023-10-21T13:52:06.764+0000] {logging_mixin.py:151} INFO - Вставка splits:[{'stat_uid': UUID('40da9d69-722d-45ff-b6d4-68fbb623855a'), 'uid': UUID('17beadfb-8e4b-478b-b9c7-72b0225c7fb7'), 'gamesPlayed': 4, 'wins': 4, 'losses': 0, 'ot': 0, 'pts': 8, 'ptPctg': '100.0', 'goalsPerGame': 3.5, 'goalsAgainstPerGame': 1.0, 'evGGARatio': 1.75, 'powerPlayPercentage': '15.4', 'powerPlayGoals': 2.0, 'powerPlayGoalsAgainst': 0.0, 'powerPlayOpportunities': 13.0, 'penaltyKillPercentage': '100.0', 'shotsPerGame': 39.5, 'shotsAllowed': 28.25, 'winScoreFirst': 1.0, 'winOppScoreFirst': 1.0, 'winLeadFirstPer': 1.0, 'winLeadSecondPer': 1.0, 'winOutshootOpp': 1.0, 'winOutshotByOpp': 1.0, 'faceOffsTaken': 243.0, 'faceOffsWon': 112.0, 'faceOffsLost': 131.0, 'faceOffWinPercentage': '46.1', 'shootingPctg': 8.9, 'savePctg': 0.965}, {'stat_uid': UUID('562a6352-9644-4fdd-b5ae-ef405ec479ec'), 'uid': UUID('c561ec01-a844-4e5a-a3cd-9756777267c9'), 'wins': '2nd', 'losses': '2nd', 'ot': '12th', 'pts': '2nd', 'ptPctg': '2nd', 'goalsPerGame': '8th', 'goalsAgainstPerGame': '1st', 'evGGARatio': '6th', 'powerPlayPercentage': '21st', 'powerPlayGoals': '18th', 'powerPlayGoalsAgainst': '1st', 'powerPlayOpportunities': '20th', 'penaltyKillOpportunities': '23rd', 'penaltyKillPercentage': '1st', 'shotsPerGame': '1st', 'shotsAllowed': '10th', 'winScoreFirst': '4th', 'winOppScoreFirst': '2nd', 'winLeadFirstPer': '8th', 'winLeadSecondPer': '4th', 'winOutshootOpp': '7th', 'winOutshotByOpp': '7th', 'faceOffsTaken': '16th', 'faceOffsWon': '21st', 'faceOffsLost': '23rd', 'faceOffWinPercentage': '27th', 'savePctRank': '1st', 'shootingPctRank': '19th'}]
[2023-10-21T13:52:06.931+0000] {taskinstance.py:1400} INFO - Marking task as SUCCESS. dag_id=nhl_stats_save, task_id=save_nhl_stats, execution_date=20231021T000000, start_date=20231021T135205, end_date=20231021T135206
[2023-10-21T13:52:07.010+0000] {local_task_job_runner.py:228} INFO - Task exited with return code 0
[2023-10-21T13:52:07.045+0000] {taskinstance.py:2778} INFO - 0 downstream tasks scheduled from follow-on schedule check
[2023-10-21T14:05:48.386+0000] {logging_mixin.py:151} INFO - Changing /opt/***/logs/dag_id=nhl_stats_save/run_id=scheduled__2023-10-21T00:00:00+00:00/task_id=save_nhl_stats permission to 509
[2023-10-21T14:05:48.408+0000] {logging_mixin.py:151} INFO - Changing /opt/***/logs/dag_id=nhl_stats_save/run_id=scheduled__2023-10-21T00:00:00+00:00/task_id=save_nhl_stats permission to 509
[2023-10-21T14:05:48.433+0000] {taskinstance.py:1159} INFO - Dependencies all met for dep_context=non-requeueable deps ti=<TaskInstance: nhl_stats_save.save_nhl_stats scheduled__2023-10-21T00:00:00+00:00 [queued]>
[2023-10-21T14:05:48.439+0000] {taskinstance.py:1159} INFO - Dependencies all met for dep_context=requeueable deps ti=<TaskInstance: nhl_stats_save.save_nhl_stats scheduled__2023-10-21T00:00:00+00:00 [queued]>
[2023-10-21T14:05:48.440+0000] {taskinstance.py:1361} INFO - Starting attempt 1 of 1
[2023-10-21T14:05:48.451+0000] {taskinstance.py:1382} INFO - Executing <Task(NhlStatsSaveOperator): save_nhl_stats> on 2023-10-21 00:00:00+00:00
[2023-10-21T14:05:48.457+0000] {standard_task_runner.py:57} INFO - Started process 1703 to run task
[2023-10-21T14:05:48.459+0000] {standard_task_runner.py:84} INFO - Running: ['***', 'tasks', 'run', 'nhl_stats_save', 'save_nhl_stats', 'scheduled__2023-10-21T00:00:00+00:00', '--job-id', '16', '--raw', '--subdir', 'DAGS_FOLDER/nhl_stats_save.py', '--cfg-path', '/tmp/tmpo7zmp9fq']
[2023-10-21T14:05:48.461+0000] {standard_task_runner.py:85} INFO - Job 16: Subtask save_nhl_stats
[2023-10-21T14:05:48.471+0000] {warnings.py:109} WARNING - /home/***/.local/lib/python3.10/site-packages/***/settings.py:193: DeprecationWarning: The sql_alchemy_conn option in [core] has been moved to the sql_alchemy_conn option in [database] - the old setting has been used, but please update your config.
  SQL_ALCHEMY_CONN = conf.get("database", "SQL_ALCHEMY_CONN")

[2023-10-21T14:05:48.497+0000] {logging_mixin.py:151} INFO - Changing /opt/***/logs/dag_id=nhl_stats_save/run_id=scheduled__2023-10-21T00:00:00+00:00/task_id=save_nhl_stats permission to 509
[2023-10-21T14:05:48.499+0000] {task_command.py:416} INFO - Running <TaskInstance: nhl_stats_save.save_nhl_stats scheduled__2023-10-21T00:00:00+00:00 [running]> on host f4f5d56d4cc2
[2023-10-21T14:05:48.559+0000] {taskinstance.py:1662} INFO - Exporting env vars: AIRFLOW_CTX_DAG_OWNER='babintseva' AIRFLOW_CTX_DAG_ID='nhl_stats_save' AIRFLOW_CTX_TASK_ID='save_nhl_stats' AIRFLOW_CTX_EXECUTION_DATE='2023-10-21T00:00:00+00:00' AIRFLOW_CTX_TRY_NUMBER='1' AIRFLOW_CTX_DAG_RUN_ID='scheduled__2023-10-21T00:00:00+00:00'
[2023-10-21T14:05:48.928+0000] {logging_mixin.py:151} INFO - {'team_uid': 'd5359017-830f-4e43-98ca-9e1927c4b73b', 'uid': '37ca5751-b541-46f2-a489-03665fa7ded4'}
[2023-10-21T14:05:48.929+0000] {logging_mixin.py:151} INFO - {'displayName': 'statsSingleSeason', 'gameType': {'id': 'R', 'description': 'Regular season', 'postseason': False}}
[2023-10-21T14:05:48.930+0000] {logging_mixin.py:151} INFO - {'team_uid': 'd5359017-830f-4e43-98ca-9e1927c4b73b', 'uid': '967861da-b1a9-4bdb-b1d0-5171c07807b7'}
[2023-10-21T14:05:48.930+0000] {logging_mixin.py:151} INFO - {'displayName': 'regularSeasonStatRankings', 'gameType': None}
[2023-10-21T14:05:48.931+0000] {logging_mixin.py:151} INFO - Вставка team:[{'uid': 'd5359017-830f-4e43-98ca-9e1927c4b73b', 'id': 21}]
[2023-10-21T14:05:48.931+0000] {logging_mixin.py:151} INFO - Вставка stats:[{'team_uid': 'd5359017-830f-4e43-98ca-9e1927c4b73b', 'uid': '37ca5751-b541-46f2-a489-03665fa7ded4', 'displayName': 'statsSingleSeason', 'gameType': {'id': 'R', 'description': 'Regular season', 'postseason': False}}, {'team_uid': 'd5359017-830f-4e43-98ca-9e1927c4b73b', 'uid': '967861da-b1a9-4bdb-b1d0-5171c07807b7', 'displayName': 'regularSeasonStatRankings', 'gameType': None}]
[2023-10-21T14:05:48.931+0000] {logging_mixin.py:151} INFO - Вставка splits:[{'stat_uid': '37ca5751-b541-46f2-a489-03665fa7ded4', 'uid': '50efcc1f-5d77-4070-8247-46f0d730bfc2', 'gamesPlayed': 4, 'wins': 4, 'losses': 0, 'ot': 0, 'pts': 8, 'ptPctg': '100.0', 'goalsPerGame': 3.5, 'goalsAgainstPerGame': 1.0, 'evGGARatio': 1.75, 'powerPlayPercentage': '15.4', 'powerPlayGoals': 2.0, 'powerPlayGoalsAgainst': 0.0, 'powerPlayOpportunities': 13.0, 'penaltyKillPercentage': '100.0', 'shotsPerGame': 39.5, 'shotsAllowed': 28.25, 'winScoreFirst': 1.0, 'winOppScoreFirst': 1.0, 'winLeadFirstPer': 1.0, 'winLeadSecondPer': 1.0, 'winOutshootOpp': 1.0, 'winOutshotByOpp': 1.0, 'faceOffsTaken': 243.0, 'faceOffsWon': 112.0, 'faceOffsLost': 131.0, 'faceOffWinPercentage': '46.1', 'shootingPctg': 8.9, 'savePctg': 0.965}, {'stat_uid': '967861da-b1a9-4bdb-b1d0-5171c07807b7', 'uid': 'c56bfc42-ddf2-480d-8b22-64282a10dd20', 'wins': '2nd', 'losses': '2nd', 'ot': '12th', 'pts': '2nd', 'ptPctg': '2nd', 'goalsPerGame': '8th', 'goalsAgainstPerGame': '1st', 'evGGARatio': '6th', 'powerPlayPercentage': '21st', 'powerPlayGoals': '18th', 'powerPlayGoalsAgainst': '1st', 'powerPlayOpportunities': '20th', 'penaltyKillOpportunities': '23rd', 'penaltyKillPercentage': '1st', 'shotsPerGame': '1st', 'shotsAllowed': '10th', 'winScoreFirst': '4th', 'winOppScoreFirst': '2nd', 'winLeadFirstPer': '8th', 'winLeadSecondPer': '4th', 'winOutshootOpp': '7th', 'winOutshotByOpp': '7th', 'faceOffsTaken': '16th', 'faceOffsWon': '21st', 'faceOffsLost': '23rd', 'faceOffWinPercentage': '27th', 'savePctRank': '1st', 'shootingPctRank': '19th'}]
[2023-10-21T14:05:48.979+0000] {taskinstance.py:1937} ERROR - Task failed with exception
Traceback (most recent call last):
  File "/home/airflow/.local/lib/python3.10/site-packages/sqlalchemy/engine/base.py", line 1910, in _execute_context
    self.dialect.do_execute(
  File "/home/airflow/.local/lib/python3.10/site-packages/sqlalchemy/engine/default.py", line 736, in do_execute
    cursor.execute(statement, parameters)
psycopg2.errors.InsufficientPrivilege: permission denied for table team


The above exception was the direct cause of the following exception:

Traceback (most recent call last):
  File "/opt/airflow/plugins/nhl_stats_save_operator.py", line 84, in execute
    self.save_data(data)
  File "/opt/airflow/plugins/nhl_stats_save_operator.py", line 51, in save_data
    table.insert_many(rows=team, chunk_size=10000)
  File "/home/airflow/.local/lib/python3.10/site-packages/dataset/table.py", line 184, in insert_many
    self.table.insert().execute(chunk)
  File "<string>", line 2, in execute
  File "/home/airflow/.local/lib/python3.10/site-packages/sqlalchemy/util/deprecations.py", line 468, in warned
    return fn(*args, **kwargs)
  File "/home/airflow/.local/lib/python3.10/site-packages/sqlalchemy/sql/base.py", line 965, in execute
    return e._execute_clauseelement(
  File "/home/airflow/.local/lib/python3.10/site-packages/sqlalchemy/engine/base.py", line 1577, in _execute_clauseelement
    ret = self._execute_context(
  File "/home/airflow/.local/lib/python3.10/site-packages/sqlalchemy/engine/base.py", line 1953, in _execute_context
    self._handle_dbapi_exception(
  File "/home/airflow/.local/lib/python3.10/site-packages/sqlalchemy/engine/base.py", line 2134, in _handle_dbapi_exception
    util.raise_(
  File "/home/airflow/.local/lib/python3.10/site-packages/sqlalchemy/util/compat.py", line 211, in raise_
    raise exception
  File "/home/airflow/.local/lib/python3.10/site-packages/sqlalchemy/engine/base.py", line 1910, in _execute_context
    self.dialect.do_execute(
  File "/home/airflow/.local/lib/python3.10/site-packages/sqlalchemy/engine/default.py", line 736, in do_execute
    cursor.execute(statement, parameters)
sqlalchemy.exc.ProgrammingError: (psycopg2.errors.InsufficientPrivilege) permission denied for table team

[SQL: INSERT INTO team (uid, id) VALUES (%(uid)s, %(id)s)]
[parameters: {'uid': UUID('d5359017-830f-4e43-98ca-9e1927c4b73b'), 'id': 21}]
(Background on this error at: https://sqlalche.me/e/14/f405)
[2023-10-21T14:05:48.991+0000] {taskinstance.py:1400} INFO - Marking task as FAILED. dag_id=nhl_stats_save, task_id=save_nhl_stats, execution_date=20231021T000000, start_date=20231021T140548, end_date=20231021T140548
[2023-10-21T14:05:49.001+0000] {standard_task_runner.py:104} ERROR - Failed to execute job 16 for task save_nhl_stats ((psycopg2.errors.InsufficientPrivilege) permission denied for table team

[SQL: INSERT INTO team (uid, id) VALUES (%(uid)s, %(id)s)]
[parameters: {'uid': UUID('d5359017-830f-4e43-98ca-9e1927c4b73b'), 'id': 21}]
(Background on this error at: https://sqlalche.me/e/14/f405); 1703)
[2023-10-21T14:05:49.033+0000] {local_task_job_runner.py:228} INFO - Task exited with return code 1
[2023-10-21T14:05:49.052+0000] {taskinstance.py:2778} INFO - 0 downstream tasks scheduled from follow-on schedule check
