[2023-10-20T12:00:03.787+0000] {logging_mixin.py:151} INFO - Changing /opt/***/logs/dag_id=random_cannabis_save/run_id=scheduled__2023-10-20T00:00:00+00:00/task_id=get_random_cannabis permission to 509
[2023-10-20T12:00:03.827+0000] {logging_mixin.py:151} INFO - Changing /opt/***/logs/dag_id=random_cannabis_save/run_id=scheduled__2023-10-20T00:00:00+00:00/task_id=get_random_cannabis permission to 509
[2023-10-20T12:00:03.869+0000] {taskinstance.py:1159} INFO - Dependencies all met for dep_context=non-requeueable deps ti=<TaskInstance: random_cannabis_save.get_random_cannabis scheduled__2023-10-20T00:00:00+00:00 [queued]>
[2023-10-20T12:00:03.877+0000] {taskinstance.py:1159} INFO - Dependencies all met for dep_context=requeueable deps ti=<TaskInstance: random_cannabis_save.get_random_cannabis scheduled__2023-10-20T00:00:00+00:00 [queued]>
[2023-10-20T12:00:03.877+0000] {taskinstance.py:1361} INFO - Starting attempt 1 of 1
[2023-10-20T12:00:03.891+0000] {taskinstance.py:1382} INFO - Executing <Task(RandomCannabisOperator): get_random_cannabis> on 2023-10-20 00:00:00+00:00
[2023-10-20T12:00:03.902+0000] {standard_task_runner.py:57} INFO - Started process 76 to run task
[2023-10-20T12:00:03.917+0000] {standard_task_runner.py:84} INFO - Running: ['***', 'tasks', 'run', 'random_cannabis_save', 'get_random_cannabis', 'scheduled__2023-10-20T00:00:00+00:00', '--job-id', '13', '--raw', '--subdir', 'DAGS_FOLDER/random_cannabis_save.py', '--cfg-path', '/tmp/tmpoiarry1u']
[2023-10-20T12:00:03.920+0000] {standard_task_runner.py:85} INFO - Job 13: Subtask get_random_cannabis
[2023-10-20T12:00:03.981+0000] {warnings.py:109} WARNING - /home/***/.local/lib/python3.8/site-packages/***/settings.py:193: DeprecationWarning: The sql_alchemy_conn option in [core] has been moved to the sql_alchemy_conn option in [database] - the old setting has been used, but please update your config.
  SQL_ALCHEMY_CONN = conf.get("database", "SQL_ALCHEMY_CONN")

[2023-10-20T12:00:04.095+0000] {logging_mixin.py:151} INFO - Changing /opt/***/logs/dag_id=random_cannabis_save/run_id=scheduled__2023-10-20T00:00:00+00:00/task_id=get_random_cannabis permission to 509
[2023-10-20T12:00:04.099+0000] {task_command.py:416} INFO - Running <TaskInstance: random_cannabis_save.get_random_cannabis scheduled__2023-10-20T00:00:00+00:00 [running]> on host aa2c00032764
[2023-10-20T12:00:04.203+0000] {taskinstance.py:1662} INFO - Exporting env vars: AIRFLOW_CTX_DAG_OWNER='babintseva' AIRFLOW_CTX_DAG_ID='random_cannabis_save' AIRFLOW_CTX_TASK_ID='get_random_cannabis' AIRFLOW_CTX_EXECUTION_DATE='2023-10-20T00:00:00+00:00' AIRFLOW_CTX_TRY_NUMBER='1' AIRFLOW_CTX_DAG_RUN_ID='scheduled__2023-10-20T00:00:00+00:00'
[2023-10-20T12:00:04.852+0000] {taskinstance.py:1937} ERROR - Task failed with exception
Traceback (most recent call last):
  File "/opt/airflow/plugins/random_cannabis_operator.py", line 32, in execute
    self.save_data(data)
  File "/opt/airflow/plugins/random_cannabis_operator.py", line 22, in save_data
    pg_hook.get_sqlalchemy_engine(),
  File "/home/airflow/.local/lib/python3.8/site-packages/airflow/providers/common/sql/hooks/sql.py", line 199, in get_sqlalchemy_engine
    return create_engine(self.get_uri(), **engine_kwargs)
  File "/home/airflow/.local/lib/python3.8/site-packages/airflow/providers/postgres/hooks/postgres.py", line 184, in get_uri
    conn = self.get_connection(getattr(self, self.conn_name_attr))
  File "/home/airflow/.local/lib/python3.8/site-packages/airflow/hooks/base.py", line 72, in get_connection
    conn = Connection.get_connection_from_secrets(conn_id)
  File "/home/airflow/.local/lib/python3.8/site-packages/airflow/models/connection.py", line 477, in get_connection_from_secrets
    raise AirflowNotFoundException(f"The conn_id `{conn_id}` isn't defined")
airflow.exceptions.AirflowNotFoundException: The conn_id `conn_greenplum` isn't defined
[2023-10-20T12:00:04.857+0000] {taskinstance.py:1400} INFO - Marking task as FAILED. dag_id=random_cannabis_save, task_id=get_random_cannabis, execution_date=20231020T000000, start_date=20231020T120003, end_date=20231020T120004
[2023-10-20T12:00:04.868+0000] {standard_task_runner.py:104} ERROR - Failed to execute job 13 for task get_random_cannabis (The conn_id `conn_greenplum` isn't defined; 76)
[2023-10-20T12:00:04.891+0000] {local_task_job_runner.py:228} INFO - Task exited with return code 1
[2023-10-20T12:00:04.913+0000] {taskinstance.py:2778} INFO - 0 downstream tasks scheduled from follow-on schedule check
[2023-10-20T13:33:23.766+0000] {logging_mixin.py:151} INFO - Changing /opt/***/logs/dag_id=random_cannabis_save/run_id=scheduled__2023-10-20T00:00:00+00:00/task_id=get_random_cannabis permission to 509
[2023-10-20T13:33:23.872+0000] {logging_mixin.py:151} INFO - Changing /opt/***/logs/dag_id=random_cannabis_save/run_id=scheduled__2023-10-20T00:00:00+00:00/task_id=get_random_cannabis permission to 509
[2023-10-20T13:33:23.971+0000] {taskinstance.py:1159} INFO - Dependencies all met for dep_context=non-requeueable deps ti=<TaskInstance: random_cannabis_save.get_random_cannabis scheduled__2023-10-20T00:00:00+00:00 [queued]>
[2023-10-20T13:33:24.009+0000] {taskinstance.py:1159} INFO - Dependencies all met for dep_context=requeueable deps ti=<TaskInstance: random_cannabis_save.get_random_cannabis scheduled__2023-10-20T00:00:00+00:00 [queued]>
[2023-10-20T13:33:24.011+0000] {taskinstance.py:1361} INFO - Starting attempt 1 of 1
[2023-10-20T13:33:24.059+0000] {taskinstance.py:1382} INFO - Executing <Task(RandomCannabisOperator): get_random_cannabis> on 2023-10-20 00:00:00+00:00
[2023-10-20T13:33:24.074+0000] {standard_task_runner.py:57} INFO - Started process 103 to run task
[2023-10-20T13:33:24.079+0000] {standard_task_runner.py:84} INFO - Running: ['***', 'tasks', 'run', 'random_cannabis_save', 'get_random_cannabis', 'scheduled__2023-10-20T00:00:00+00:00', '--job-id', '20', '--raw', '--subdir', 'DAGS_FOLDER/random_cannabis_save.py', '--cfg-path', '/tmp/tmp51onbghn']
[2023-10-20T13:33:24.089+0000] {standard_task_runner.py:85} INFO - Job 20: Subtask get_random_cannabis
[2023-10-20T13:33:24.123+0000] {warnings.py:109} WARNING - /home/***/.local/lib/python3.10/site-packages/***/settings.py:193: DeprecationWarning: The sql_alchemy_conn option in [core] has been moved to the sql_alchemy_conn option in [database] - the old setting has been used, but please update your config.
  SQL_ALCHEMY_CONN = conf.get("database", "SQL_ALCHEMY_CONN")

[2023-10-20T13:33:24.214+0000] {logging_mixin.py:151} INFO - Changing /opt/***/logs/dag_id=random_cannabis_save/run_id=scheduled__2023-10-20T00:00:00+00:00/task_id=get_random_cannabis permission to 509
[2023-10-20T13:33:24.221+0000] {task_command.py:416} INFO - Running <TaskInstance: random_cannabis_save.get_random_cannabis scheduled__2023-10-20T00:00:00+00:00 [running]> on host 275f8ea92d2e
[2023-10-20T13:33:24.527+0000] {taskinstance.py:1662} INFO - Exporting env vars: AIRFLOW_CTX_DAG_OWNER='babintseva' AIRFLOW_CTX_DAG_ID='random_cannabis_save' AIRFLOW_CTX_TASK_ID='get_random_cannabis' AIRFLOW_CTX_EXECUTION_DATE='2023-10-20T00:00:00+00:00' AIRFLOW_CTX_TRY_NUMBER='1' AIRFLOW_CTX_DAG_RUN_ID='scheduled__2023-10-20T00:00:00+00:00'
[2023-10-20T13:33:25.688+0000] {base.py:73} INFO - Using connection ID 'conn_pg' for task execution.
[2023-10-20T13:33:25.982+0000] {taskinstance.py:1400} INFO - Marking task as SUCCESS. dag_id=random_cannabis_save, task_id=get_random_cannabis, execution_date=20231020T000000, start_date=20231020T133323, end_date=20231020T133325
[2023-10-20T13:33:26.074+0000] {local_task_job_runner.py:228} INFO - Task exited with return code 0
[2023-10-20T13:33:26.116+0000] {taskinstance.py:2778} INFO - 0 downstream tasks scheduled from follow-on schedule check
